<?xml version="1.0" encoding="UTF-8"?>
<testsuite name="com.example.cctvforchating.CctvForChatingApplicationTests" tests="1" skipped="0" failures="0" errors="0" timestamp="2021-09-28T14:05:02" hostname="DESKTOP-9I6UQGU" time="0.164">
  <properties/>
  <testcase name="contextLoads()" classname="com.example.cctvforchating.CctvForChatingApplicationTests" time="0.164"/>
  <system-out><![CDATA[23:04:59,615 |-INFO in ch.qos.logback.classic.LoggerContext[default] - Could NOT find resource [logback-test.xml]
23:04:59,615 |-INFO in ch.qos.logback.classic.LoggerContext[default] - Could NOT find resource [logback.groovy]
23:04:59,616 |-INFO in ch.qos.logback.classic.LoggerContext[default] - Found resource [logback.xml] at [file:/D:/intellij_storage/cctvForChating/build/resources/main/logback.xml]
23:04:59,670 |-INFO in ch.qos.logback.classic.joran.action.ConfigurationAction - debug attribute not set
23:04:59,676 |-INFO in ch.qos.logback.classic.joran.action.ConfigurationAction - Will scan for changes in [file:/D:/intellij_storage/cctvForChating/build/resources/main/logback.xml] 
23:04:59,676 |-INFO in ch.qos.logback.classic.joran.action.ConfigurationAction - Setting ReconfigureOnChangeTask scanning period to 30 seconds
23:04:59,677 |-INFO in ch.qos.logback.core.joran.action.AppenderAction - About to instantiate appender of type [ch.qos.logback.core.ConsoleAppender]
23:04:59,680 |-INFO in ch.qos.logback.core.joran.action.AppenderAction - Naming appender as [STDOUT]
23:04:59,686 |-INFO in ch.qos.logback.core.joran.action.NestedComplexPropertyIA - Assuming default type [ch.qos.logback.classic.encoder.PatternLayoutEncoder] for [encoder] property
23:04:59,710 |-INFO in ch.qos.logback.core.joran.action.AppenderAction - About to instantiate appender of type [ch.qos.logback.core.rolling.RollingFileAppender]
23:04:59,714 |-INFO in ch.qos.logback.core.joran.action.AppenderAction - Naming appender as [ROLLING]
23:04:59,725 |-INFO in c.q.l.core.rolling.TimeBasedRollingPolicy@319629742 - No compression will be used
23:04:59,726 |-INFO in c.q.l.core.rolling.TimeBasedRollingPolicy@319629742 - Will use the pattern log-%d{yyyy-MM-dd}.%i.txt for the active file
23:04:59,729 |-INFO in ch.qos.logback.core.rolling.SizeAndTimeBasedFNATP@755d416f - The date pattern is 'yyyy-MM-dd' from file name pattern 'log-%d{yyyy-MM-dd}.%i.txt'.
23:04:59,729 |-INFO in ch.qos.logback.core.rolling.SizeAndTimeBasedFNATP@755d416f - Roll-over at midnight.
23:04:59,731 |-INFO in ch.qos.logback.core.rolling.SizeAndTimeBasedFNATP@755d416f - Setting initial period to Tue Sep 28 22:45:13 KST 2021
23:04:59,731 |-WARN in ch.qos.logback.core.rolling.SizeAndTimeBasedFNATP@755d416f - SizeAndTimeBasedFNATP is deprecated. Use SizeAndTimeBasedRollingPolicy instead
23:04:59,731 |-WARN in ch.qos.logback.core.rolling.SizeAndTimeBasedFNATP@755d416f - For more information see http://logback.qos.ch/manual/appenders.html#SizeAndTimeBasedRollingPolicy
23:04:59,732 |-INFO in ch.qos.logback.core.joran.action.NestedComplexPropertyIA - Assuming default type [ch.qos.logback.classic.encoder.PatternLayoutEncoder] for [encoder] property
23:04:59,734 |-INFO in ch.qos.logback.core.rolling.RollingFileAppender[ROLLING] - Active log file name: monitorLog.txt
23:04:59,735 |-INFO in ch.qos.logback.core.rolling.RollingFileAppender[ROLLING] - File property is set to [monitorLog.txt]
23:04:59,735 |-INFO in ch.qos.logback.classic.joran.action.RootLoggerAction - Setting level of ROOT logger to DEBUG
23:04:59,736 |-INFO in ch.qos.logback.core.joran.action.AppenderRefAction - Attaching appender named [STDOUT] to Logger[ROOT]
23:04:59,736 |-INFO in ch.qos.logback.core.joran.action.AppenderRefAction - Attaching appender named [ROLLING] to Logger[ROOT]
23:04:59,736 |-INFO in ch.qos.logback.classic.joran.action.ConfigurationAction - End of configuration.
23:04:59,738 |-INFO in ch.qos.logback.classic.joran.JoranConfigurator@5af030d8 - Registering current configuration as safe fallback point

2021-09-28 23:04:59.751[DEBUG] : Instantiating CacheAwareContextLoaderDelegate from class [org.springframework.test.context.cache.DefaultCacheAwareContextLoaderDelegate]
2021-09-28 23:04:59.765[DEBUG] : Instantiating BootstrapContext using constructor [public org.springframework.test.context.support.DefaultBootstrapContext(java.lang.Class,org.springframework.test.context.CacheAwareContextLoaderDelegate)]
2021-09-28 23:04:59.812[DEBUG] : Instantiating TestContextBootstrapper for test class [com.example.cctvforchating.CctvForChatingApplicationTests] from class [org.springframework.boot.test.context.SpringBootTestContextBootstrapper]
2021-09-28 23:04:59.823[INFO ] : Neither @ContextConfiguration nor @ContextHierarchy found for test class [com.example.cctvforchating.CctvForChatingApplicationTests], using SpringBootContextLoader
2021-09-28 23:04:59.828[DEBUG] : Did not detect default resource location for test class [com.example.cctvforchating.CctvForChatingApplicationTests]: class path resource [com/example/cctvforchating/CctvForChatingApplicationTests-context.xml] does not exist
2021-09-28 23:04:59.828[DEBUG] : Did not detect default resource location for test class [com.example.cctvforchating.CctvForChatingApplicationTests]: class path resource [com/example/cctvforchating/CctvForChatingApplicationTestsContext.groovy] does not exist
2021-09-28 23:04:59.829[INFO ] : Could not detect default resource locations for test class [com.example.cctvforchating.CctvForChatingApplicationTests]: no resource found for suffixes {-context.xml, Context.groovy}.
2021-09-28 23:04:59.829[INFO ] : Could not detect default configuration classes for test class [com.example.cctvforchating.CctvForChatingApplicationTests]: CctvForChatingApplicationTests does not declare any static, non-private, non-final, nested classes annotated with @Configuration.
2021-09-28 23:04:59.869[DEBUG] : Could not find an 'annotation declaring class' for annotation type [org.springframework.test.context.ActiveProfiles] and class [com.example.cctvforchating.CctvForChatingApplicationTests]
2021-09-28 23:04:59.928[DEBUG] : Identified candidate component class: file [D:\intellij_storage\cctvForChating\build\classes\java\main\com\example\cctvforchating\CctvForChatingApplication.class]
2021-09-28 23:04:59.929[INFO ] : Found @SpringBootConfiguration com.example.cctvforchating.CctvForChatingApplication for test class com.example.cctvforchating.CctvForChatingApplicationTests
2021-09-28 23:05:00.039[DEBUG] : @TestExecutionListeners is not present for class [com.example.cctvforchating.CctvForChatingApplicationTests]: using defaults.
2021-09-28 23:05:00.040[INFO ] : Loaded default TestExecutionListener class names from location [META-INF/spring.factories]: [org.springframework.boot.test.autoconfigure.restdocs.RestDocsTestExecutionListener, org.springframework.boot.test.autoconfigure.web.client.MockRestServiceServerResetTestExecutionListener, org.springframework.boot.test.autoconfigure.web.servlet.MockMvcPrintOnlyOnFailureTestExecutionListener, org.springframework.boot.test.autoconfigure.web.servlet.WebDriverTestExecutionListener, org.springframework.boot.test.autoconfigure.webservices.client.MockWebServiceServerTestExecutionListener, org.springframework.boot.test.mock.mockito.MockitoTestExecutionListener, org.springframework.boot.test.mock.mockito.ResetMocksTestExecutionListener, org.springframework.test.context.web.ServletTestExecutionListener, org.springframework.test.context.support.DirtiesContextBeforeModesTestExecutionListener, org.springframework.test.context.event.ApplicationEventsTestExecutionListener, org.springframework.test.context.support.DependencyInjectionTestExecutionListener, org.springframework.test.context.support.DirtiesContextTestExecutionListener, org.springframework.test.context.transaction.TransactionalTestExecutionListener, org.springframework.test.context.jdbc.SqlScriptsTestExecutionListener, org.springframework.test.context.event.EventPublishingTestExecutionListener]
2021-09-28 23:05:00.058[INFO ] : Using TestExecutionListeners: [org.springframework.test.context.web.ServletTestExecutionListener@3425280d, org.springframework.test.context.support.DirtiesContextBeforeModesTestExecutionListener@4bfc8b67, org.springframework.test.context.event.ApplicationEventsTestExecutionListener@21ed16a9, org.springframework.boot.test.mock.mockito.MockitoTestExecutionListener@7889dab7, org.springframework.boot.test.autoconfigure.SpringBootDependencyInjectionTestExecutionListener@65f1f0eb, org.springframework.test.context.support.DirtiesContextTestExecutionListener@4af9e881, org.springframework.test.context.transaction.TransactionalTestExecutionListener@3e8f729, org.springframework.test.context.jdbc.SqlScriptsTestExecutionListener@3582d981, org.springframework.test.context.event.EventPublishingTestExecutionListener@5f1e1172, org.springframework.boot.test.autoconfigure.restdocs.RestDocsTestExecutionListener@5aa647f0, org.springframework.boot.test.autoconfigure.web.client.MockRestServiceServerResetTestExecutionListener@1e33a232, org.springframework.boot.test.autoconfigure.web.servlet.MockMvcPrintOnlyOnFailureTestExecutionListener@3dde2ea4, org.springframework.boot.test.autoconfigure.web.servlet.WebDriverTestExecutionListener@12e43dec, org.springframework.boot.test.autoconfigure.webservices.client.MockWebServiceServerTestExecutionListener@7a157187, org.springframework.boot.test.mock.mockito.ResetMocksTestExecutionListener@79347ec5]
2021-09-28 23:05:00.066[DEBUG] : Before test class: context [DefaultTestContext@117798bb testClass = CctvForChatingApplicationTests, testInstance = [null], testMethod = [null], testException = [null], mergedContextConfiguration = [WebMergedContextConfiguration@224fc20d testClass = CctvForChatingApplicationTests, locations = '{}', classes = '{class com.example.cctvforchating.CctvForChatingApplication}', contextInitializerClasses = '[]', activeProfiles = '{}', propertySourceLocations = '{}', propertySourceProperties = '{org.springframework.boot.test.context.SpringBootTestContextBootstrapper=true}', contextCustomizers = set[org.springframework.boot.test.autoconfigure.actuate.metrics.MetricsExportContextCustomizerFactory$DisableMetricExportContextCustomizer@72f30cfc, org.springframework.boot.test.autoconfigure.properties.PropertyMappingContextCustomizer@0, org.springframework.boot.test.autoconfigure.web.servlet.WebDriverContextCustomizerFactory$Customizer@156c5dba, org.springframework.boot.test.context.filter.ExcludeFilterContextCustomizer@12d89abc, org.springframework.boot.test.json.DuplicateJsonObjectContextCustomizerFactory$DuplicateJsonObjectContextCustomizer@185a2144, org.springframework.boot.test.mock.mockito.MockitoContextCustomizer@0, org.springframework.boot.test.web.client.TestRestTemplateContextCustomizer@525faea7, org.springframework.boot.test.context.SpringBootTestArgs@1, org.springframework.boot.test.context.SpringBootTestWebEnvironment@6fc921ec], resourceBasePath = 'src/main/webapp', contextLoader = 'org.springframework.boot.test.context.SpringBootContextLoader', parent = [null]], attributes = map['org.springframework.test.context.web.ServletTestExecutionListener.activateListener' -> true]], class annotated with @DirtiesContext [false] with mode [null].
2021-09-28 23:05:00.098[DEBUG] : Adding inlined properties to environment: {spring.jmx.enabled=false, org.springframework.boot.test.context.SpringBootTestContextBootstrapper=true}

  .   ____          _            __ _ _
 /\\ / ___'_ __ _ _(_)_ __  __ _ \ \ \ \
( ( )\___ | '_ | '_| | '_ \/ _` | \ \ \ \
 \\/  ___)| |_)| | | | | || (_| |  ) ) ) )
  '  |____| .__|_| |_|_| |_\__, | / / / /
 =========|_|==============|___/=/_/_/_/
 :: Spring Boot ::                (v2.5.4)

2021-09-28 23:05:00.407[INFO ] : Starting CctvForChatingApplicationTests using Java 1.8.0_241 on DESKTOP-9I6UQGU with PID 15548 (started by MUYO in D:\intellij_storage\cctvForChating)
2021-09-28 23:05:00.408[DEBUG] : Running with Spring Boot v2.5.4, Spring v5.3.9
2021-09-28 23:05:00.410[INFO ] : No active profile set, falling back to default profiles: default
2021-09-28 23:05:00.410[DEBUG] : Loading source class com.example.cctvforchating.CctvForChatingApplication
2021-09-28 23:05:00.448[DEBUG] : Refreshing org.springframework.web.context.support.GenericWebApplicationContext@319b0205
2021-09-28 23:05:00.469[DEBUG] : Creating shared instance of singleton bean 'org.springframework.context.annotation.internalConfigurationAnnotationProcessor'
2021-09-28 23:05:00.493[DEBUG] : Creating shared instance of singleton bean 'org.springframework.boot.autoconfigure.internalCachingMetadataReaderFactory'
2021-09-28 23:05:00.545[DEBUG] : Identified candidate component class: file [D:\intellij_storage\cctvForChating\build\classes\java\main\com\example\cctvforchating\service\startTimer.class]
2021-09-28 23:05:00.552[DEBUG] : Identified candidate component class: file [D:\intellij_storage\cctvForChating\build\classes\java\main\com\example\cctvforchating\web\MonitorController.class]
2021-09-28 23:05:00.761[DEBUG] : Found key 'spring.mvc.view.prefix' in PropertySource 'configurationProperties' with value of type String
2021-09-28 23:05:00.762[DEBUG] : Found key 'spring.mvc.view.suffix' in PropertySource 'configurationProperties' with value of type String
2021-09-28 23:05:00.794[DEBUG] : Found key 'spring.jmx.enabled' in PropertySource 'configurationProperties' with value of type String
2021-09-28 23:05:01.007[DEBUG] : Found key 'spring.mvc.view.prefix' in PropertySource 'configurationProperties' with value of type String
2021-09-28 23:05:01.008[DEBUG] : Found key 'spring.mvc.view.suffix' in PropertySource 'configurationProperties' with value of type String
2021-09-28 23:05:01.281[DEBUG] : Creating shared instance of singleton bean 'propertySourcesPlaceholderConfigurer'
2021-09-28 23:05:01.287[DEBUG] : Creating shared instance of singleton bean 'org.springframework.boot.test.mock.mockito.MockitoPostProcessor'
2021-09-28 23:05:01.296[DEBUG] : Creating shared instance of singleton bean 'org.springframework.boot.sql.init.dependency.DatabaseInitializationDependencyConfigurer$DependsOnDatabaseInitializationPostProcessor'
2021-09-28 23:05:01.327[DEBUG] : Creating shared instance of singleton bean 'org.springframework.context.event.internalEventListenerProcessor'
2021-09-28 23:05:01.329[DEBUG] : Creating shared instance of singleton bean 'preserveErrorControllerTargetClassPostProcessor'
2021-09-28 23:05:01.330[DEBUG] : Creating shared instance of singleton bean 'org.springframework.context.event.internalEventListenerFactory'
2021-09-28 23:05:01.335[DEBUG] : Creating shared instance of singleton bean 'org.springframework.boot.test.mock.mockito.MockitoPostProcessor$SpyPostProcessor'
2021-09-28 23:05:01.337[DEBUG] : Creating shared instance of singleton bean 'org.springframework.context.annotation.internalAutowiredAnnotationProcessor'
2021-09-28 23:05:01.339[DEBUG] : Creating shared instance of singleton bean 'org.springframework.context.annotation.internalCommonAnnotationProcessor'
2021-09-28 23:05:01.343[DEBUG] : Creating shared instance of singleton bean 'org.springframework.context.annotation.internalPersistenceAnnotationProcessor'
2021-09-28 23:05:01.344[DEBUG] : Creating shared instance of singleton bean 'org.springframework.boot.context.properties.ConfigurationPropertiesBindingPostProcessor'
2021-09-28 23:05:01.344[DEBUG] : Creating shared instance of singleton bean 'org.springframework.boot.context.internalConfigurationPropertiesBinder'
2021-09-28 23:05:01.344[DEBUG] : Creating shared instance of singleton bean 'org.springframework.boot.context.internalConfigurationPropertiesBinderFactory'
2021-09-28 23:05:01.347[DEBUG] : Creating shared instance of singleton bean 'org.springframework.aop.config.internalAutoProxyCreator'
2021-09-28 23:05:01.387[DEBUG] : Creating shared instance of singleton bean 'persistenceExceptionTranslationPostProcessor'
2021-09-28 23:05:01.392[DEBUG] : Autowiring by type from bean name 'persistenceExceptionTranslationPostProcessor' via factory method to bean named 'environment'
2021-09-28 23:05:01.406[DEBUG] : Creating shared instance of singleton bean 'webServerFactoryCustomizerBeanPostProcessor'
2021-09-28 23:05:01.410[DEBUG] : Creating shared instance of singleton bean 'errorPageRegistrarBeanPostProcessor'
2021-09-28 23:05:01.413[DEBUG] : Creating shared instance of singleton bean 'projectingArgumentResolverBeanPostProcessor'
2021-09-28 23:05:01.460[DEBUG] : Unable to locate ThemeSource with name 'themeSource': using default [org.springframework.ui.context.support.ResourceBundleThemeSource@12c91cdb]
2021-09-28 23:05:01.461[DEBUG] : Creating shared instance of singleton bean 'cctvForChatingApplication'
2021-09-28 23:05:01.470[DEBUG] : Creating shared instance of singleton bean 'startTimer'
2021-09-28 23:05:01.473[DEBUG] : Creating shared instance of singleton bean 'monitorController'
2021-09-28 23:05:01.488[DEBUG] : Creating shared instance of singleton bean 'org.springframework.boot.autoconfigure.AutoConfigurationPackages'
2021-09-28 23:05:01.491[DEBUG] : Creating shared instance of singleton bean 'org.springframework.boot.autoconfigure.context.PropertyPlaceholderAutoConfiguration'
2021-09-28 23:05:01.492[DEBUG] : Creating shared instance of singleton bean 'org.springframework.boot.autoconfigure.websocket.servlet.WebSocketServletAutoConfiguration$TomcatWebSocketConfiguration'
2021-09-28 23:05:01.494[DEBUG] : Creating shared instance of singleton bean 'websocketServletWebServerCustomizer'
2021-09-28 23:05:01.501[DEBUG] : Creating shared instance of singleton bean 'org.springframework.boot.autoconfigure.websocket.servlet.WebSocketServletAutoConfiguration'
2021-09-28 23:05:01.503[DEBUG] : Creating shared instance of singleton bean 'org.springframework.boot.autoconfigure.web.servlet.ServletWebServerFactoryConfiguration$EmbeddedTomcat'
2021-09-28 23:05:01.505[DEBUG] : Creating shared instance of singleton bean 'tomcatServletWebServerFactory'
2021-09-28 23:05:01.564[DEBUG] : Creating shared instance of singleton bean 'servletWebServerFactoryCustomizer'
2021-09-28 23:05:01.564[DEBUG] : Creating shared instance of singleton bean 'org.springframework.boot.autoconfigure.web.servlet.ServletWebServerFactoryAutoConfiguration'
2021-09-28 23:05:01.567[DEBUG] : Creating shared instance of singleton bean 'server-org.springframework.boot.autoconfigure.web.ServerProperties'
2021-09-28 23:05:01.577[DEBUG] : Creating shared instance of singleton bean 'org.springframework.boot.context.properties.BoundConfigurationProperties'
2021-09-28 23:05:01.595[DEBUG] : Autowiring by type from bean name 'servletWebServerFactoryCustomizer' via factory method to bean named 'server-org.springframework.boot.autoconfigure.web.ServerProperties'
2021-09-28 23:05:01.599[DEBUG] : Creating shared instance of singleton bean 'tomcatServletWebServerFactoryCustomizer'
2021-09-28 23:05:01.599[DEBUG] : Autowiring by type from bean name 'tomcatServletWebServerFactoryCustomizer' via factory method to bean named 'server-org.springframework.boot.autoconfigure.web.ServerProperties'
2021-09-28 23:05:01.602[DEBUG] : Creating shared instance of singleton bean 'tomcatWebServerFactoryCustomizer'
2021-09-28 23:05:01.603[DEBUG] : Creating shared instance of singleton bean 'org.springframework.boot.autoconfigure.web.embedded.EmbeddedWebServerFactoryCustomizerAutoConfiguration$TomcatWebServerFactoryCustomizerConfiguration'
2021-09-28 23:05:01.605[DEBUG] : Autowiring by type from bean name 'tomcatWebServerFactoryCustomizer' via factory method to bean named 'environment'
2021-09-28 23:05:01.605[DEBUG] : Autowiring by type from bean name 'tomcatWebServerFactoryCustomizer' via factory method to bean named 'server-org.springframework.boot.autoconfigure.web.ServerProperties'
2021-09-28 23:05:01.609[DEBUG] : Creating shared instance of singleton bean 'localeCharsetMappingsCustomizer'
2021-09-28 23:05:01.610[DEBUG] : Creating shared instance of singleton bean 'org.springframework.boot.autoconfigure.web.servlet.HttpEncodingAutoConfiguration'
2021-09-28 23:05:01.610[DEBUG] : Autowiring by type from bean name 'org.springframework.boot.autoconfigure.web.servlet.HttpEncodingAutoConfiguration' via constructor to bean named 'server-org.springframework.boot.autoconfigure.web.ServerProperties'
2021-09-28 23:05:01.636[DEBUG] : Creating shared instance of singleton bean 'errorPageCustomizer'
2021-09-28 23:05:01.637[DEBUG] : Creating shared instance of singleton bean 'org.springframework.boot.autoconfigure.web.servlet.error.ErrorMvcAutoConfiguration'
2021-09-28 23:05:01.637[DEBUG] : Autowiring by type from bean name 'org.springframework.boot.autoconfigure.web.servlet.error.ErrorMvcAutoConfiguration' via constructor to bean named 'server-org.springframework.boot.autoconfigure.web.ServerProperties'
2021-09-28 23:05:01.640[DEBUG] : Creating shared instance of singleton bean 'dispatcherServletRegistration'
2021-09-28 23:05:01.640[DEBUG] : Creating shared instance of singleton bean 'org.springframework.boot.autoconfigure.web.servlet.DispatcherServletAutoConfiguration$DispatcherServletRegistrationConfiguration'
2021-09-28 23:05:01.644[DEBUG] : Creating shared instance of singleton bean 'dispatcherServlet'
2021-09-28 23:05:01.644[DEBUG] : Creating shared instance of singleton bean 'org.springframework.boot.autoconfigure.web.servlet.DispatcherServletAutoConfiguration$DispatcherServletConfiguration'
2021-09-28 23:05:01.647[DEBUG] : Creating shared instance of singleton bean 'spring.mvc-org.springframework.boot.autoconfigure.web.servlet.WebMvcProperties'
2021-09-28 23:05:01.657[DEBUG] : Autowiring by type from bean name 'dispatcherServlet' via factory method to bean named 'spring.mvc-org.springframework.boot.autoconfigure.web.servlet.WebMvcProperties'
2021-09-28 23:05:01.689[DEBUG] : Autowiring by type from bean name 'dispatcherServletRegistration' via factory method to bean named 'dispatcherServlet'
2021-09-28 23:05:01.689[DEBUG] : Autowiring by type from bean name 'dispatcherServletRegistration' via factory method to bean named 'spring.mvc-org.springframework.boot.autoconfigure.web.servlet.WebMvcProperties'
2021-09-28 23:05:01.691[DEBUG] : Creating shared instance of singleton bean 'multipartConfigElement'
2021-09-28 23:05:01.691[DEBUG] : Creating shared instance of singleton bean 'org.springframework.boot.autoconfigure.web.servlet.MultipartAutoConfiguration'
2021-09-28 23:05:01.692[DEBUG] : Creating shared instance of singleton bean 'spring.servlet.multipart-org.springframework.boot.autoconfigure.web.servlet.MultipartProperties'
2021-09-28 23:05:01.699[DEBUG] : Autowiring by type from bean name 'org.springframework.boot.autoconfigure.web.servlet.MultipartAutoConfiguration' via constructor to bean named 'spring.servlet.multipart-org.springframework.boot.autoconfigure.web.servlet.MultipartProperties'
2021-09-28 23:05:01.711[DEBUG] : Autowiring by type from bean name 'errorPageCustomizer' via factory method to bean named 'dispatcherServletRegistration'
2021-09-28 23:05:01.715[DEBUG] : Creating shared instance of singleton bean 'org.springframework.boot.context.properties.EnableConfigurationPropertiesRegistrar.methodValidationExcludeFilter'
2021-09-28 23:05:01.719[DEBUG] : Creating shared instance of singleton bean 'org.springframework.boot.autoconfigure.web.servlet.DispatcherServletAutoConfiguration'
2021-09-28 23:05:01.722[DEBUG] : Creating shared instance of singleton bean 'org.springframework.boot.autoconfigure.task.TaskExecutionAutoConfiguration'
2021-09-28 23:05:01.725[DEBUG] : Creating shared instance of singleton bean 'taskExecutorBuilder'
2021-09-28 23:05:01.725[DEBUG] : Creating shared instance of singleton bean 'spring.task.execution-org.springframework.boot.autoconfigure.task.TaskExecutionProperties'
2021-09-28 23:05:01.729[DEBUG] : Autowiring by type from bean name 'taskExecutorBuilder' via factory method to bean named 'spring.task.execution-org.springframework.boot.autoconfigure.task.TaskExecutionProperties'
2021-09-28 23:05:01.734[DEBUG] : Creating shared instance of singleton bean 'org.springframework.boot.autoconfigure.web.servlet.error.ErrorMvcAutoConfiguration$WhitelabelErrorViewConfiguration'
2021-09-28 23:05:01.736[DEBUG] : Creating shared instance of singleton bean 'error'
2021-09-28 23:05:01.740[DEBUG] : Creating shared instance of singleton bean 'beanNameViewResolver'
2021-09-28 23:05:01.748[DEBUG] : Creating shared instance of singleton bean 'org.springframework.boot.autoconfigure.web.servlet.error.ErrorMvcAutoConfiguration$DefaultErrorViewResolverConfiguration'
2021-09-28 23:05:01.749[DEBUG] : Creating shared instance of singleton bean 'spring.resources-org.springframework.boot.autoconfigure.web.ResourceProperties'
2021-09-28 23:05:01.758[DEBUG] : Creating shared instance of singleton bean 'spring.web-org.springframework.boot.autoconfigure.web.WebProperties'
2021-09-28 23:05:01.762[DEBUG] : Autowiring by type from bean name 'org.springframework.boot.autoconfigure.web.servlet.error.ErrorMvcAutoConfiguration$DefaultErrorViewResolverConfiguration' via constructor to bean named 'org.springframework.web.context.support.GenericWebApplicationContext@319b0205'
2021-09-28 23:05:01.762[DEBUG] : Autowiring by type from bean name 'org.springframework.boot.autoconfigure.web.servlet.error.ErrorMvcAutoConfiguration$DefaultErrorViewResolverConfiguration' via constructor to bean named 'spring.resources-org.springframework.boot.autoconfigure.web.ResourceProperties'
2021-09-28 23:05:01.762[DEBUG] : Autowiring by type from bean name 'org.springframework.boot.autoconfigure.web.servlet.error.ErrorMvcAutoConfiguration$DefaultErrorViewResolverConfiguration' via constructor to bean named 'spring.web-org.springframework.boot.autoconfigure.web.WebProperties'
2021-09-28 23:05:01.764[DEBUG] : Creating shared instance of singleton bean 'conventionErrorViewResolver'
2021-09-28 23:05:01.769[DEBUG] : Creating shared instance of singleton bean 'errorAttributes'
2021-09-28 23:05:01.775[DEBUG] : Creating shared instance of singleton bean 'basicErrorController'
2021-09-28 23:05:01.821[DEBUG] : Autowiring by type from bean name 'basicErrorController' via factory method to bean named 'errorAttributes'
2021-09-28 23:05:01.830[DEBUG] : Creating shared instance of singleton bean 'org.springframework.boot.autoconfigure.web.servlet.WebMvcAutoConfiguration$EnableWebMvcConfiguration'
2021-09-28 23:05:01.832[DEBUG] : Autowiring by type from bean name 'org.springframework.boot.autoconfigure.web.servlet.WebMvcAutoConfiguration$EnableWebMvcConfiguration' via constructor to bean named 'spring.resources-org.springframework.boot.autoconfigure.web.ResourceProperties'
2021-09-28 23:05:01.833[DEBUG] : Autowiring by type from bean name 'org.springframework.boot.autoconfigure.web.servlet.WebMvcAutoConfiguration$EnableWebMvcConfiguration' via constructor to bean named 'spring.mvc-org.springframework.boot.autoconfigure.web.servlet.WebMvcProperties'
2021-09-28 23:05:01.833[DEBUG] : Autowiring by type from bean name 'org.springframework.boot.autoconfigure.web.servlet.WebMvcAutoConfiguration$EnableWebMvcConfiguration' via constructor to bean named 'spring.web-org.springframework.boot.autoconfigure.web.WebProperties'
2021-09-28 23:05:01.833[DEBUG] : Autowiring by type from bean name 'org.springframework.boot.autoconfigure.web.servlet.WebMvcAutoConfiguration$EnableWebMvcConfiguration' via constructor to bean named 'org.springframework.beans.factory.support.DefaultListableBeanFactory@7babab41'
2021-09-28 23:05:01.847[DEBUG] : Creating shared instance of singleton bean 'org.springframework.boot.autoconfigure.web.servlet.WebMvcAutoConfiguration$WebMvcAutoConfigurationAdapter'
2021-09-28 23:05:01.848[DEBUG] : Autowiring by type from bean name 'org.springframework.boot.autoconfigure.web.servlet.WebMvcAutoConfiguration$WebMvcAutoConfigurationAdapter' via constructor to bean named 'spring.resources-org.springframework.boot.autoconfigure.web.ResourceProperties'
2021-09-28 23:05:01.848[DEBUG] : Autowiring by type from bean name 'org.springframework.boot.autoconfigure.web.servlet.WebMvcAutoConfiguration$WebMvcAutoConfigurationAdapter' via constructor to bean named 'spring.web-org.springframework.boot.autoconfigure.web.WebProperties'
2021-09-28 23:05:01.848[DEBUG] : Autowiring by type from bean name 'org.springframework.boot.autoconfigure.web.servlet.WebMvcAutoConfiguration$WebMvcAutoConfigurationAdapter' via constructor to bean named 'spring.mvc-org.springframework.boot.autoconfigure.web.servlet.WebMvcProperties'
2021-09-28 23:05:01.848[DEBUG] : Autowiring by type from bean name 'org.springframework.boot.autoconfigure.web.servlet.WebMvcAutoConfiguration$WebMvcAutoConfigurationAdapter' via constructor to bean named 'org.springframework.beans.factory.support.DefaultListableBeanFactory@7babab41'
2021-09-28 23:05:01.853[DEBUG] : Creating shared instance of singleton bean 'org.springframework.data.web.config.SpringDataWebConfiguration'
2021-09-28 23:05:01.856[DEBUG] : Autowiring by type from bean name 'org.springframework.data.web.config.SpringDataWebConfiguration' via constructor to bean named 'org.springframework.web.context.support.GenericWebApplicationContext@319b0205'
2021-09-28 23:05:01.861[DEBUG] : Creating shared instance of singleton bean 'pageableCustomizer'
2021-09-28 23:05:01.861[DEBUG] : Creating shared instance of singleton bean 'org.springframework.boot.autoconfigure.data.web.SpringDataWebAutoConfiguration'
2021-09-28 23:05:01.862[DEBUG] : Creating shared instance of singleton bean 'spring.data.web-org.springframework.boot.autoconfigure.data.web.SpringDataWebProperties'
2021-09-28 23:05:01.864[DEBUG] : Autowiring by type from bean name 'org.springframework.boot.autoconfigure.data.web.SpringDataWebAutoConfiguration' via constructor to bean named 'spring.data.web-org.springframework.boot.autoconfigure.data.web.SpringDataWebProperties'
2021-09-28 23:05:01.869[DEBUG] : Creating shared instance of singleton bean 'sortCustomizer'
2021-09-28 23:05:01.872[DEBUG] : Creating shared instance of singleton bean 'requestMappingHandlerAdapter'
2021-09-28 23:05:01.873[DEBUG] : Creating shared instance of singleton bean 'mvcContentNegotiationManager'
2021-09-28 23:05:01.880[DEBUG] : Creating shared instance of singleton bean 'mvcConversionService'
2021-09-28 23:05:01.893[DEBUG] : Creating shared instance of singleton bean 'mvcValidator'
2021-09-28 23:05:01.896[DEBUG] : Autowiring by type from bean name 'requestMappingHandlerAdapter' via factory method to bean named 'mvcContentNegotiationManager'
2021-09-28 23:05:01.896[DEBUG] : Autowiring by type from bean name 'requestMappingHandlerAdapter' via factory method to bean named 'mvcConversionService'
2021-09-28 23:05:01.896[DEBUG] : Autowiring by type from bean name 'requestMappingHandlerAdapter' via factory method to bean named 'mvcValidator'
2021-09-28 23:05:01.898[DEBUG] : Autowiring by type from bean name 'requestMappingHandlerAdapter' via factory method to bean named 'mvcContentNegotiationManager'
2021-09-28 23:05:01.899[DEBUG] : Autowiring by type from bean name 'requestMappingHandlerAdapter' via factory method to bean named 'mvcConversionService'
2021-09-28 23:05:01.899[DEBUG] : Autowiring by type from bean name 'requestMappingHandlerAdapter' via factory method to bean named 'mvcValidator'
2021-09-28 23:05:01.909[DEBUG] : Creating shared instance of singleton bean 'messageConverters'
2021-09-28 23:05:01.910[DEBUG] : Creating shared instance of singleton bean 'org.springframework.boot.autoconfigure.http.HttpMessageConvertersAutoConfiguration'
2021-09-28 23:05:01.914[DEBUG] : Creating shared instance of singleton bean 'stringHttpMessageConverter'
2021-09-28 23:05:01.914[DEBUG] : Creating shared instance of singleton bean 'org.springframework.boot.autoconfigure.http.HttpMessageConvertersAutoConfiguration$StringHttpMessageConverterConfiguration'
2021-09-28 23:05:01.915[DEBUG] : Autowiring by type from bean name 'stringHttpMessageConverter' via factory method to bean named 'environment'
2021-09-28 23:05:01.922[DEBUG] : Creating shared instance of singleton bean 'mappingJackson2HttpMessageConverter'
2021-09-28 23:05:01.922[DEBUG] : Creating shared instance of singleton bean 'org.springframework.boot.autoconfigure.http.JacksonHttpMessageConvertersConfiguration$MappingJackson2HttpMessageConverterConfiguration'
2021-09-28 23:05:01.924[DEBUG] : Creating shared instance of singleton bean 'jacksonObjectMapper'
2021-09-28 23:05:01.924[DEBUG] : Creating shared instance of singleton bean 'org.springframework.boot.autoconfigure.jackson.JacksonAutoConfiguration$JacksonObjectMapperConfiguration'
2021-09-28 23:05:01.925[DEBUG] : Creating shared instance of singleton bean 'org.springframework.boot.autoconfigure.jackson.JacksonAutoConfiguration$JacksonObjectMapperBuilderConfiguration'
2021-09-28 23:05:01.927[DEBUG] : Creating shared instance of singleton bean 'standardJacksonObjectMapperBuilderCustomizer'
2021-09-28 23:05:01.927[DEBUG] : Creating shared instance of singleton bean 'org.springframework.boot.autoconfigure.jackson.JacksonAutoConfiguration$Jackson2ObjectMapperBuilderCustomizerConfiguration'
2021-09-28 23:05:01.929[DEBUG] : Creating shared instance of singleton bean 'spring.jackson-org.springframework.boot.autoconfigure.jackson.JacksonProperties'
2021-09-28 23:05:01.932[DEBUG] : Autowiring by type from bean name 'standardJacksonObjectMapperBuilderCustomizer' via factory method to bean named 'org.springframework.web.context.support.GenericWebApplicationContext@319b0205'
2021-09-28 23:05:01.932[DEBUG] : Autowiring by type from bean name 'standardJacksonObjectMapperBuilderCustomizer' via factory method to bean named 'spring.jackson-org.springframework.boot.autoconfigure.jackson.JacksonProperties'
2021-09-28 23:05:01.936[DEBUG] : Autowiring by type from bean name 'jacksonObjectMapperBuilder' via factory method to bean named 'org.springframework.web.context.support.GenericWebApplicationContext@319b0205'
2021-09-28 23:05:01.936[DEBUG] : Autowiring by type from bean name 'jacksonObjectMapperBuilder' via factory method to bean named 'standardJacksonObjectMapperBuilderCustomizer'
2021-09-28 23:05:01.937[DEBUG] : Creating shared instance of singleton bean 'parameterNamesModule'
2021-09-28 23:05:01.938[DEBUG] : Creating shared instance of singleton bean 'org.springframework.boot.autoconfigure.jackson.JacksonAutoConfiguration$ParameterNamesModuleConfiguration'
2021-09-28 23:05:01.952[DEBUG] : Creating shared instance of singleton bean 'jsonComponentModule'
2021-09-28 23:05:01.952[DEBUG] : Creating shared instance of singleton bean 'org.springframework.boot.autoconfigure.jackson.JacksonAutoConfiguration'
2021-09-28 23:05:01.960[DEBUG] : Creating shared instance of singleton bean 'jacksonGeoModule'
2021-09-28 23:05:01.961[DEBUG] : Creating shared instance of singleton bean 'org.springframework.data.web.config.SpringDataJacksonConfiguration'
2021-09-28 23:05:01.973[DEBUG] : Autowiring by type from bean name 'jacksonObjectMapper' via factory method to bean named 'jacksonObjectMapperBuilder'
2021-09-28 23:05:01.999[DEBUG] : Autowiring by type from bean name 'mappingJackson2HttpMessageConverter' via factory method to bean named 'jacksonObjectMapper'
2021-09-28 23:05:02.045[DEBUG] : Creating shared instance of singleton bean 'sortResolver'
2021-09-28 23:05:02.050[DEBUG] : Creating shared instance of singleton bean 'pageableResolver'
2021-09-28 23:05:02.056[DEBUG] : Creating shared instance of singleton bean 'applicationTaskExecutor'
2021-09-28 23:05:02.056[DEBUG] : Autowiring by type from bean name 'applicationTaskExecutor' via factory method to bean named 'taskExecutorBuilder'
2021-09-28 23:05:02.067[DEBUG] : Initializing ExecutorService 'applicationTaskExecutor'
2021-09-28 23:05:02.081[DEBUG] : ControllerAdvice beans: 0 @ModelAttribute, 0 @InitBinder, 1 RequestBodyAdvice, 1 ResponseBodyAdvice
2021-09-28 23:05:02.107[DEBUG] : Creating shared instance of singleton bean 'requestMappingHandlerMapping'
2021-09-28 23:05:02.109[DEBUG] : Creating shared instance of singleton bean 'mvcResourceUrlProvider'
2021-09-28 23:05:02.116[DEBUG] : Autowiring by type from bean name 'requestMappingHandlerMapping' via factory method to bean named 'mvcContentNegotiationManager'
2021-09-28 23:05:02.116[DEBUG] : Autowiring by type from bean name 'requestMappingHandlerMapping' via factory method to bean named 'mvcConversionService'
2021-09-28 23:05:02.116[DEBUG] : Autowiring by type from bean name 'requestMappingHandlerMapping' via factory method to bean named 'mvcResourceUrlProvider'
2021-09-28 23:05:02.117[DEBUG] : Autowiring by type from bean name 'requestMappingHandlerMapping' via factory method to bean named 'mvcContentNegotiationManager'
2021-09-28 23:05:02.117[DEBUG] : Autowiring by type from bean name 'requestMappingHandlerMapping' via factory method to bean named 'mvcConversionService'
2021-09-28 23:05:02.117[DEBUG] : Autowiring by type from bean name 'requestMappingHandlerMapping' via factory method to bean named 'mvcResourceUrlProvider'
2021-09-28 23:05:02.143[DEBUG] : 
	c.e.c.CctvForChatingApplication:
	
2021-09-28 23:05:02.159[DEBUG] : 
	c.e.c.w.MonitorController:
	{PUT [/monitor/changeStatus]}: changeStatus(String,Integer)
	{GET [/monitor/getMonitorList]}: getMonitorList()
	{POST [/monitor/saveHumanDialog]}: saveHumanDialog(saveHumanDialogDTO)
	{POST [/monitor/sessionCreated]}: sessionCreated(String,String)
	{PUT [/monitor/increaseDialogNum]}: increaseDialogNum(String)
	{POST [/monitor/sessionTermination]}: sessionTermination(String)
	{ [/monitor/sessionMonitor]}: getMonitorForView()
2021-09-28 23:05:02.164[DEBUG] : 
	o.s.b.a.w.s.e.BasicErrorController:
	{ [/error]}: error(HttpServletRequest)
	{ [/error], produces [text/html]}: errorHtml(HttpServletRequest,HttpServletResponse)
2021-09-28 23:05:02.166[DEBUG] : 9 mappings in 'requestMappingHandlerMapping'
2021-09-28 23:05:02.167[DEBUG] : Creating shared instance of singleton bean 'welcomePageHandlerMapping'
2021-09-28 23:05:02.167[DEBUG] : Autowiring by type from bean name 'welcomePageHandlerMapping' via factory method to bean named 'org.springframework.web.context.support.GenericWebApplicationContext@319b0205'
2021-09-28 23:05:02.167[DEBUG] : Autowiring by type from bean name 'welcomePageHandlerMapping' via factory method to bean named 'mvcConversionService'
2021-09-28 23:05:02.167[DEBUG] : Autowiring by type from bean name 'welcomePageHandlerMapping' via factory method to bean named 'mvcResourceUrlProvider'
2021-09-28 23:05:02.170[DEBUG] : Found key 'spring.mvc.view.prefix' in PropertySource 'configurationProperties' with value of type String
2021-09-28 23:05:02.170[DEBUG] : Found key 'spring.mvc.view.suffix' in PropertySource 'configurationProperties' with value of type String
2021-09-28 23:05:02.178[DEBUG] : Creating shared instance of singleton bean 'localeResolver'
2021-09-28 23:05:02.181[DEBUG] : Creating shared instance of singleton bean 'themeResolver'
2021-09-28 23:05:02.184[DEBUG] : Creating shared instance of singleton bean 'flashMapManager'
2021-09-28 23:05:02.188[DEBUG] : Creating shared instance of singleton bean 'mvcPatternParser'
2021-09-28 23:05:02.189[DEBUG] : Creating shared instance of singleton bean 'mvcUrlPathHelper'
2021-09-28 23:05:02.191[DEBUG] : Creating shared instance of singleton bean 'mvcPathMatcher'
2021-09-28 23:05:02.193[DEBUG] : Creating shared instance of singleton bean 'viewControllerHandlerMapping'
2021-09-28 23:05:02.193[DEBUG] : Autowiring by type from bean name 'viewControllerHandlerMapping' via factory method to bean named 'mvcConversionService'
2021-09-28 23:05:02.193[DEBUG] : Autowiring by type from bean name 'viewControllerHandlerMapping' via factory method to bean named 'mvcResourceUrlProvider'
2021-09-28 23:05:02.194[DEBUG] : Creating shared instance of singleton bean 'beanNameHandlerMapping'
2021-09-28 23:05:02.195[DEBUG] : Autowiring by type from bean name 'beanNameHandlerMapping' via factory method to bean named 'mvcConversionService'
2021-09-28 23:05:02.195[DEBUG] : Autowiring by type from bean name 'beanNameHandlerMapping' via factory method to bean named 'mvcResourceUrlProvider'
2021-09-28 23:05:02.203[DEBUG] : 'beanNameHandlerMapping' {}
2021-09-28 23:05:02.203[DEBUG] : Creating shared instance of singleton bean 'routerFunctionMapping'
2021-09-28 23:05:02.203[DEBUG] : Autowiring by type from bean name 'routerFunctionMapping' via factory method to bean named 'mvcConversionService'
2021-09-28 23:05:02.203[DEBUG] : Autowiring by type from bean name 'routerFunctionMapping' via factory method to bean named 'mvcResourceUrlProvider'
2021-09-28 23:05:02.212[DEBUG] : Creating shared instance of singleton bean 'resourceHandlerMapping'
2021-09-28 23:05:02.213[DEBUG] : Autowiring by type from bean name 'resourceHandlerMapping' via factory method to bean named 'mvcContentNegotiationManager'
2021-09-28 23:05:02.213[DEBUG] : Autowiring by type from bean name 'resourceHandlerMapping' via factory method to bean named 'mvcConversionService'
2021-09-28 23:05:02.213[DEBUG] : Autowiring by type from bean name 'resourceHandlerMapping' via factory method to bean named 'mvcResourceUrlProvider'
2021-09-28 23:05:02.226[DEBUG] : 'resourceHandlerMapping' {/webjars/**=ResourceHttpRequestHandler [Classpath [META-INF/resources/webjars/]], /**=ResourceHttpRequestHandler [Classpath [META-INF/resources/], Classpath [resources/], Classpath [static/], Classpath [public/], ServletContext [/]]}
2021-09-28 23:05:02.226[DEBUG] : Creating shared instance of singleton bean 'defaultServletHandlerMapping'
2021-09-28 23:05:02.226[DEBUG] : Creating shared instance of singleton bean 'handlerFunctionAdapter'
2021-09-28 23:05:02.229[DEBUG] : Creating shared instance of singleton bean 'mvcUriComponentsContributor'
2021-09-28 23:05:02.230[DEBUG] : Autowiring by type from bean name 'mvcUriComponentsContributor' via factory method to bean named 'mvcConversionService'
2021-09-28 23:05:02.230[DEBUG] : Autowiring by type from bean name 'mvcUriComponentsContributor' via factory method to bean named 'requestMappingHandlerAdapter'
2021-09-28 23:05:02.232[DEBUG] : Creating shared instance of singleton bean 'httpRequestHandlerAdapter'
2021-09-28 23:05:02.234[DEBUG] : Creating shared instance of singleton bean 'simpleControllerHandlerAdapter'
2021-09-28 23:05:02.235[DEBUG] : Creating shared instance of singleton bean 'handlerExceptionResolver'
2021-09-28 23:05:02.236[DEBUG] : Autowiring by type from bean name 'handlerExceptionResolver' via factory method to bean named 'mvcContentNegotiationManager'
2021-09-28 23:05:02.239[DEBUG] : ControllerAdvice beans: 0 @ExceptionHandler, 1 ResponseBodyAdvice
2021-09-28 23:05:02.243[DEBUG] : Creating shared instance of singleton bean 'mvcViewResolver'
2021-09-28 23:05:02.243[DEBUG] : Autowiring by type from bean name 'mvcViewResolver' via factory method to bean named 'mvcContentNegotiationManager'
2021-09-28 23:05:02.249[DEBUG] : Creating shared instance of singleton bean 'viewNameTranslator'
2021-09-28 23:05:02.251[DEBUG] : Creating shared instance of singleton bean 'defaultViewResolver'
2021-09-28 23:05:02.261[DEBUG] : Creating shared instance of singleton bean 'viewResolver'
2021-09-28 23:05:02.262[DEBUG] : Autowiring by type from bean name 'viewResolver' via factory method to bean named 'org.springframework.beans.factory.support.DefaultListableBeanFactory@7babab41'
2021-09-28 23:05:02.267[DEBUG] : Creating shared instance of singleton bean 'requestContextFilter'
2021-09-28 23:05:02.278[DEBUG] : Creating shared instance of singleton bean 'org.springframework.boot.autoconfigure.web.servlet.WebMvcAutoConfiguration'
2021-09-28 23:05:02.280[DEBUG] : Creating shared instance of singleton bean 'formContentFilter'
2021-09-28 23:05:02.289[DEBUG] : Creating shared instance of singleton bean 'org.springframework.boot.autoconfigure.aop.AopAutoConfiguration$AspectJAutoProxyingConfiguration$CglibAutoProxyConfiguration'
2021-09-28 23:05:02.290[DEBUG] : Creating shared instance of singleton bean 'org.springframework.boot.autoconfigure.aop.AopAutoConfiguration$AspectJAutoProxyingConfiguration'
2021-09-28 23:05:02.291[DEBUG] : Creating shared instance of singleton bean 'org.springframework.boot.autoconfigure.aop.AopAutoConfiguration'
2021-09-28 23:05:02.293[DEBUG] : Creating shared instance of singleton bean 'org.springframework.boot.autoconfigure.availability.ApplicationAvailabilityAutoConfiguration'
2021-09-28 23:05:02.294[DEBUG] : Creating shared instance of singleton bean 'applicationAvailability'
2021-09-28 23:05:02.298[DEBUG] : Creating shared instance of singleton bean 'org.springframework.boot.autoconfigure.transaction.jta.JtaAutoConfiguration'
2021-09-28 23:05:02.300[DEBUG] : Creating shared instance of singleton bean 'org.springframework.boot.autoconfigure.orm.jpa.HibernateJpaAutoConfiguration'
2021-09-28 23:05:02.302[DEBUG] : Creating shared instance of singleton bean 'spring.jpa-org.springframework.boot.autoconfigure.orm.jpa.JpaProperties'
2021-09-28 23:05:02.306[DEBUG] : Creating shared instance of singleton bean 'org.springframework.boot.autoconfigure.context.ConfigurationPropertiesAutoConfiguration'
2021-09-28 23:05:02.308[DEBUG] : Creating shared instance of singleton bean 'org.springframework.boot.autoconfigure.context.LifecycleAutoConfiguration'
2021-09-28 23:05:02.310[DEBUG] : Creating shared instance of singleton bean 'lifecycleProcessor'
2021-09-28 23:05:02.310[DEBUG] : Creating shared instance of singleton bean 'spring.lifecycle-org.springframework.boot.autoconfigure.context.LifecycleProperties'
2021-09-28 23:05:02.313[DEBUG] : Autowiring by type from bean name 'lifecycleProcessor' via factory method to bean named 'spring.lifecycle-org.springframework.boot.autoconfigure.context.LifecycleProperties'
2021-09-28 23:05:02.318[DEBUG] : Creating shared instance of singleton bean 'org.springframework.boot.autoconfigure.dao.PersistenceExceptionTranslationAutoConfiguration'
2021-09-28 23:05:02.320[DEBUG] : Creating shared instance of singleton bean 'org.springframework.boot.autoconfigure.gson.GsonAutoConfiguration'
2021-09-28 23:05:02.322[DEBUG] : Creating shared instance of singleton bean 'gsonBuilder'
2021-09-28 23:05:02.323[DEBUG] : Creating shared instance of singleton bean 'standardGsonBuilderCustomizer'
2021-09-28 23:05:02.323[DEBUG] : Creating shared instance of singleton bean 'spring.gson-org.springframework.boot.autoconfigure.gson.GsonProperties'
2021-09-28 23:05:02.326[DEBUG] : Autowiring by type from bean name 'standardGsonBuilderCustomizer' via factory method to bean named 'spring.gson-org.springframework.boot.autoconfigure.gson.GsonProperties'
2021-09-28 23:05:02.330[DEBUG] : Autowiring by type from bean name 'gsonBuilder' via factory method to bean named 'standardGsonBuilderCustomizer'
2021-09-28 23:05:02.339[DEBUG] : Creating shared instance of singleton bean 'gson'
2021-09-28 23:05:02.340[DEBUG] : Autowiring by type from bean name 'gson' via factory method to bean named 'gsonBuilder'
2021-09-28 23:05:02.366[DEBUG] : Creating shared instance of singleton bean 'org.springframework.boot.autoconfigure.http.JacksonHttpMessageConvertersConfiguration'
2021-09-28 23:05:02.367[DEBUG] : Creating shared instance of singleton bean 'org.springframework.boot.autoconfigure.http.GsonHttpMessageConvertersConfiguration'
2021-09-28 23:05:02.368[DEBUG] : Creating shared instance of singleton bean 'org.springframework.data.web.config.ProjectingArgumentResolverRegistrar'
2021-09-28 23:05:02.369[DEBUG] : Creating shared instance of singleton bean 'org.springframework.boot.autoconfigure.info.ProjectInfoAutoConfiguration'
2021-09-28 23:05:02.372[DEBUG] : Creating shared instance of singleton bean 'spring.info-org.springframework.boot.autoconfigure.info.ProjectInfoProperties'
2021-09-28 23:05:02.374[DEBUG] : Autowiring by type from bean name 'org.springframework.boot.autoconfigure.info.ProjectInfoAutoConfiguration' via constructor to bean named 'spring.info-org.springframework.boot.autoconfigure.info.ProjectInfoProperties'
2021-09-28 23:05:02.375[DEBUG] : Creating shared instance of singleton bean 'org.springframework.boot.autoconfigure.sql.init.SqlInitializationAutoConfiguration'
2021-09-28 23:05:02.376[DEBUG] : Creating shared instance of singleton bean 'spring.sql.init-org.springframework.boot.autoconfigure.sql.init.SqlInitializationProperties'
2021-09-28 23:05:02.380[DEBUG] : Creating shared instance of singleton bean 'org.springframework.boot.autoconfigure.task.TaskSchedulingAutoConfiguration'
2021-09-28 23:05:02.383[DEBUG] : Creating shared instance of singleton bean 'scheduledBeanLazyInitializationExcludeFilter'
2021-09-28 23:05:02.386[DEBUG] : Creating shared instance of singleton bean 'taskSchedulerBuilder'
2021-09-28 23:05:02.387[DEBUG] : Creating shared instance of singleton bean 'spring.task.scheduling-org.springframework.boot.autoconfigure.task.TaskSchedulingProperties'
2021-09-28 23:05:02.389[DEBUG] : Autowiring by type from bean name 'taskSchedulerBuilder' via factory method to bean named 'spring.task.scheduling-org.springframework.boot.autoconfigure.task.TaskSchedulingProperties'
2021-09-28 23:05:02.392[DEBUG] : Creating shared instance of singleton bean 'org.springframework.boot.autoconfigure.jdbc.DataSourceTransactionManagerAutoConfiguration'
2021-09-28 23:05:02.394[DEBUG] : Creating shared instance of singleton bean 'spring.datasource-org.springframework.boot.autoconfigure.jdbc.DataSourceProperties'
2021-09-28 23:05:02.409[DEBUG] : Creating shared instance of singleton bean 'org.springframework.boot.autoconfigure.transaction.TransactionAutoConfiguration'
2021-09-28 23:05:02.411[DEBUG] : Creating shared instance of singleton bean 'platformTransactionManagerCustomizers'
2021-09-28 23:05:02.412[DEBUG] : Creating shared instance of singleton bean 'spring.transaction-org.springframework.boot.autoconfigure.transaction.TransactionProperties'
2021-09-28 23:05:02.417[DEBUG] : Creating shared instance of singleton bean 'org.springframework.boot.autoconfigure.web.client.RestTemplateAutoConfiguration'
2021-09-28 23:05:02.419[DEBUG] : Creating shared instance of singleton bean 'org.springframework.boot.autoconfigure.web.embedded.EmbeddedWebServerFactoryCustomizerAutoConfiguration'
2021-09-28 23:05:02.421[DEBUG] : Creating shared instance of singleton bean 'characterEncodingFilter'
2021-09-28 23:05:02.436[DEBUG] : Creating shared instance of singleton bean 'multipartResolver'
2021-09-28 23:05:02.470[DEBUG] : 


============================
CONDITIONS EVALUATION REPORT
============================


Positive matches:
-----------------

   AopAutoConfiguration matched:
      - @ConditionalOnProperty (spring.aop.auto=true) matched (OnPropertyCondition)

   AopAutoConfiguration.AspectJAutoProxyingConfiguration matched:
      - @ConditionalOnClass found required class 'org.aspectj.weaver.Advice' (OnClassCondition)

   AopAutoConfiguration.AspectJAutoProxyingConfiguration.CglibAutoProxyConfiguration matched:
      - @ConditionalOnProperty (spring.aop.proxy-target-class=true) matched (OnPropertyCondition)

   DataSourceTransactionManagerAutoConfiguration matched:
      - @ConditionalOnClass found required classes 'org.springframework.jdbc.core.JdbcTemplate', 'org.springframework.transaction.TransactionManager' (OnClassCondition)

   DispatcherServletAutoConfiguration matched:
      - @ConditionalOnClass found required class 'org.springframework.web.servlet.DispatcherServlet' (OnClassCondition)
      - found 'session' scope (OnWebApplicationCondition)

   DispatcherServletAutoConfiguration.DispatcherServletConfiguration matched:
      - @ConditionalOnClass found required class 'javax.servlet.ServletRegistration' (OnClassCondition)
      - Default DispatcherServlet did not find dispatcher servlet beans (DispatcherServletAutoConfiguration.DefaultDispatcherServletCondition)

   DispatcherServletAutoConfiguration.DispatcherServletRegistrationConfiguration matched:
      - @ConditionalOnClass found required class 'javax.servlet.ServletRegistration' (OnClassCondition)
      - DispatcherServlet Registration did not find servlet registration bean (DispatcherServletAutoConfiguration.DispatcherServletRegistrationCondition)

   DispatcherServletAutoConfiguration.DispatcherServletRegistrationConfiguration#dispatcherServletRegistration matched:
      - @ConditionalOnBean (names: dispatcherServlet types: org.springframework.web.servlet.DispatcherServlet; SearchStrategy: all) found bean 'dispatcherServlet' (OnBeanCondition)

   EmbeddedWebServerFactoryCustomizerAutoConfiguration matched:
      - @ConditionalOnWebApplication (required) found 'session' scope (OnWebApplicationCondition)

   EmbeddedWebServerFactoryCustomizerAutoConfiguration.TomcatWebServerFactoryCustomizerConfiguration matched:
      - @ConditionalOnClass found required classes 'org.apache.catalina.startup.Tomcat', 'org.apache.coyote.UpgradeProtocol' (OnClassCondition)

   ErrorMvcAutoConfiguration matched:
      - @ConditionalOnClass found required classes 'javax.servlet.Servlet', 'org.springframework.web.servlet.DispatcherServlet' (OnClassCondition)
      - found 'session' scope (OnWebApplicationCondition)

   ErrorMvcAutoConfiguration#basicErrorController matched:
      - @ConditionalOnMissingBean (types: org.springframework.boot.web.servlet.error.ErrorController; SearchStrategy: current) did not find any beans (OnBeanCondition)

   ErrorMvcAutoConfiguration#errorAttributes matched:
      - @ConditionalOnMissingBean (types: org.springframework.boot.web.servlet.error.ErrorAttributes; SearchStrategy: current) did not find any beans (OnBeanCondition)

   ErrorMvcAutoConfiguration.DefaultErrorViewResolverConfiguration#conventionErrorViewResolver matched:
      - @ConditionalOnBean (types: org.springframework.web.servlet.DispatcherServlet; SearchStrategy: all) found bean 'dispatcherServlet'; @ConditionalOnMissingBean (types: org.springframework.boot.autoconfigure.web.servlet.error.ErrorViewResolver; SearchStrategy: all) did not find any beans (OnBeanCondition)

   ErrorMvcAutoConfiguration.WhitelabelErrorViewConfiguration matched:
      - @ConditionalOnProperty (server.error.whitelabel.enabled) matched (OnPropertyCondition)
      - ErrorTemplate Missing did not find error template view (ErrorMvcAutoConfiguration.ErrorTemplateMissingCondition)

   ErrorMvcAutoConfiguration.WhitelabelErrorViewConfiguration#beanNameViewResolver matched:
      - @ConditionalOnMissingBean (types: org.springframework.web.servlet.view.BeanNameViewResolver; SearchStrategy: all) did not find any beans (OnBeanCondition)

   ErrorMvcAutoConfiguration.WhitelabelErrorViewConfiguration#defaultErrorView matched:
      - @ConditionalOnMissingBean (names: error; SearchStrategy: all) did not find any beans (OnBeanCondition)

   GenericCacheConfiguration matched:
      - Cache org.springframework.boot.autoconfigure.cache.GenericCacheConfiguration automatic cache type (CacheCondition)

   GsonAutoConfiguration matched:
      - @ConditionalOnClass found required class 'com.google.gson.Gson' (OnClassCondition)

   GsonAutoConfiguration#gson matched:
      - @ConditionalOnMissingBean (types: com.google.gson.Gson; SearchStrategy: all) did not find any beans (OnBeanCondition)

   GsonAutoConfiguration#gsonBuilder matched:
      - @ConditionalOnMissingBean (types: com.google.gson.GsonBuilder; SearchStrategy: all) did not find any beans (OnBeanCondition)

   GsonHttpMessageConvertersConfiguration matched:
      - @ConditionalOnClass found required class 'com.google.gson.Gson' (OnClassCondition)

   HibernateJpaAutoConfiguration matched:
      - @ConditionalOnClass found required classes 'org.springframework.orm.jpa.LocalContainerEntityManagerFactoryBean', 'javax.persistence.EntityManager', 'org.hibernate.engine.spi.SessionImplementor' (OnClassCondition)

   HttpEncodingAutoConfiguration matched:
      - @ConditionalOnClass found required class 'org.springframework.web.filter.CharacterEncodingFilter' (OnClassCondition)
      - found 'session' scope (OnWebApplicationCondition)
      - @ConditionalOnProperty (server.servlet.encoding.enabled) matched (OnPropertyCondition)

   HttpEncodingAutoConfiguration#characterEncodingFilter matched:
      - @ConditionalOnMissingBean (types: org.springframework.web.filter.CharacterEncodingFilter; SearchStrategy: all) did not find any beans (OnBeanCondition)

   HttpMessageConvertersAutoConfiguration matched:
      - @ConditionalOnClass found required class 'org.springframework.http.converter.HttpMessageConverter' (OnClassCondition)
      - NoneNestedConditions 0 matched 1 did not; NestedCondition on HttpMessageConvertersAutoConfiguration.NotReactiveWebApplicationCondition.ReactiveWebApplication did not find reactive web application classes (HttpMessageConvertersAutoConfiguration.NotReactiveWebApplicationCondition)

   HttpMessageConvertersAutoConfiguration#messageConverters matched:
      - @ConditionalOnMissingBean (types: org.springframework.boot.autoconfigure.http.HttpMessageConverters; SearchStrategy: all) did not find any beans (OnBeanCondition)

   HttpMessageConvertersAutoConfiguration.StringHttpMessageConverterConfiguration matched:
      - @ConditionalOnClass found required class 'org.springframework.http.converter.StringHttpMessageConverter' (OnClassCondition)

   HttpMessageConvertersAutoConfiguration.StringHttpMessageConverterConfiguration#stringHttpMessageConverter matched:
      - @ConditionalOnMissingBean (types: org.springframework.http.converter.StringHttpMessageConverter; SearchStrategy: all) did not find any beans (OnBeanCondition)

   JacksonAutoConfiguration matched:
      - @ConditionalOnClass found required class 'com.fasterxml.jackson.databind.ObjectMapper' (OnClassCondition)

   JacksonAutoConfiguration.Jackson2ObjectMapperBuilderCustomizerConfiguration matched:
      - @ConditionalOnClass found required class 'org.springframework.http.converter.json.Jackson2ObjectMapperBuilder' (OnClassCondition)

   JacksonAutoConfiguration.JacksonObjectMapperBuilderConfiguration matched:
      - @ConditionalOnClass found required class 'org.springframework.http.converter.json.Jackson2ObjectMapperBuilder' (OnClassCondition)

   JacksonAutoConfiguration.JacksonObjectMapperBuilderConfiguration#jacksonObjectMapperBuilder matched:
      - @ConditionalOnMissingBean (types: org.springframework.http.converter.json.Jackson2ObjectMapperBuilder; SearchStrategy: all) did not find any beans (OnBeanCondition)

   JacksonAutoConfiguration.JacksonObjectMapperConfiguration matched:
      - @ConditionalOnClass found required class 'org.springframework.http.converter.json.Jackson2ObjectMapperBuilder' (OnClassCondition)

   JacksonAutoConfiguration.JacksonObjectMapperConfiguration#jacksonObjectMapper matched:
      - @ConditionalOnMissingBean (types: com.fasterxml.jackson.databind.ObjectMapper; SearchStrategy: all) did not find any beans (OnBeanCondition)

   JacksonAutoConfiguration.ParameterNamesModuleConfiguration matched:
      - @ConditionalOnClass found required class 'com.fasterxml.jackson.module.paramnames.ParameterNamesModule' (OnClassCondition)

   JacksonAutoConfiguration.ParameterNamesModuleConfiguration#parameterNamesModule matched:
      - @ConditionalOnMissingBean (types: com.fasterxml.jackson.module.paramnames.ParameterNamesModule; SearchStrategy: all) did not find any beans (OnBeanCondition)

   JacksonHttpMessageConvertersConfiguration.MappingJackson2HttpMessageConverterConfiguration matched:
      - @ConditionalOnClass found required class 'com.fasterxml.jackson.databind.ObjectMapper' (OnClassCondition)
      - @ConditionalOnProperty (spring.mvc.converters.preferred-json-mapper=jackson) matched (OnPropertyCondition)
      - @ConditionalOnBean (types: com.fasterxml.jackson.databind.ObjectMapper; SearchStrategy: all) found bean 'jacksonObjectMapper' (OnBeanCondition)

   JacksonHttpMessageConvertersConfiguration.MappingJackson2HttpMessageConverterConfiguration#mappingJackson2HttpMessageConverter matched:
      - @ConditionalOnMissingBean (types: org.springframework.http.converter.json.MappingJackson2HttpMessageConverter ignored: org.springframework.hateoas.server.mvc.TypeConstrainedMappingJackson2HttpMessageConverter,org.springframework.data.rest.webmvc.alps.AlpsJsonHttpMessageConverter; SearchStrategy: all) did not find any beans (OnBeanCondition)

   JpaBaseConfiguration.JpaWebConfiguration matched:
      - @ConditionalOnClass found required class 'org.springframework.web.servlet.config.annotation.WebMvcConfigurer' (OnClassCondition)
      - found 'session' scope (OnWebApplicationCondition)
      - @ConditionalOnProperty (spring.jpa.open-in-view=true) matched (OnPropertyCondition)

   JtaAutoConfiguration matched:
      - @ConditionalOnClass found required class 'javax.transaction.Transaction' (OnClassCondition)
      - @ConditionalOnProperty (spring.jta.enabled) matched (OnPropertyCondition)

   LifecycleAutoConfiguration#defaultLifecycleProcessor matched:
      - @ConditionalOnMissingBean (names: lifecycleProcessor; SearchStrategy: current) did not find any beans (OnBeanCondition)

   MultipartAutoConfiguration matched:
      - @ConditionalOnClass found required classes 'javax.servlet.Servlet', 'org.springframework.web.multipart.support.StandardServletMultipartResolver', 'javax.servlet.MultipartConfigElement' (OnClassCondition)
      - found 'session' scope (OnWebApplicationCondition)
      - @ConditionalOnProperty (spring.servlet.multipart.enabled) matched (OnPropertyCondition)

   MultipartAutoConfiguration#multipartConfigElement matched:
      - @ConditionalOnMissingBean (types: javax.servlet.MultipartConfigElement,org.springframework.web.multipart.commons.CommonsMultipartResolver; SearchStrategy: all) did not find any beans (OnBeanCondition)

   MultipartAutoConfiguration#multipartResolver matched:
      - @ConditionalOnMissingBean (types: org.springframework.web.multipart.MultipartResolver; SearchStrategy: all) did not find any beans (OnBeanCondition)

   NoOpCacheConfiguration matched:
      - Cache org.springframework.boot.autoconfigure.cache.NoOpCacheConfiguration automatic cache type (CacheCondition)

   PersistenceExceptionTranslationAutoConfiguration matched:
      - @ConditionalOnClass found required class 'org.springframework.dao.annotation.PersistenceExceptionTranslationPostProcessor' (OnClassCondition)

   PersistenceExceptionTranslationAutoConfiguration#persistenceExceptionTranslationPostProcessor matched:
      - @ConditionalOnProperty (spring.dao.exceptiontranslation.enabled) matched (OnPropertyCondition)
      - @ConditionalOnMissingBean (types: org.springframework.dao.annotation.PersistenceExceptionTranslationPostProcessor; SearchStrategy: all) did not find any beans (OnBeanCondition)

   PropertyPlaceholderAutoConfiguration#propertySourcesPlaceholderConfigurer matched:
      - @ConditionalOnMissingBean (types: org.springframework.context.support.PropertySourcesPlaceholderConfigurer; SearchStrategy: current) did not find any beans (OnBeanCondition)

   RestTemplateAutoConfiguration matched:
      - @ConditionalOnClass found required class 'org.springframework.web.client.RestTemplate' (OnClassCondition)
      - NoneNestedConditions 0 matched 1 did not; NestedCondition on RestTemplateAutoConfiguration.NotReactiveWebApplicationCondition.ReactiveWebApplication did not find reactive web application classes (RestTemplateAutoConfiguration.NotReactiveWebApplicationCondition)

   RestTemplateAutoConfiguration#restTemplateBuilder matched:
      - @ConditionalOnMissingBean (types: org.springframework.boot.web.client.RestTemplateBuilder; SearchStrategy: all) did not find any beans (OnBeanCondition)

   RestTemplateAutoConfiguration#restTemplateBuilderConfigurer matched:
      - @ConditionalOnMissingBean (types: org.springframework.boot.autoconfigure.web.client.RestTemplateBuilderConfigurer; SearchStrategy: all) did not find any beans (OnBeanCondition)

   ServletWebServerFactoryAutoConfiguration matched:
      - @ConditionalOnClass found required class 'javax.servlet.ServletRequest' (OnClassCondition)
      - found 'session' scope (OnWebApplicationCondition)

   ServletWebServerFactoryAutoConfiguration#tomcatServletWebServerFactoryCustomizer matched:
      - @ConditionalOnClass found required class 'org.apache.catalina.startup.Tomcat' (OnClassCondition)

   ServletWebServerFactoryConfiguration.EmbeddedTomcat matched:
      - @ConditionalOnClass found required classes 'javax.servlet.Servlet', 'org.apache.catalina.startup.Tomcat', 'org.apache.coyote.UpgradeProtocol' (OnClassCondition)
      - @ConditionalOnMissingBean (types: org.springframework.boot.web.servlet.server.ServletWebServerFactory; SearchStrategy: current) did not find any beans (OnBeanCondition)

   SimpleCacheConfiguration matched:
      - Cache org.springframework.boot.autoconfigure.cache.SimpleCacheConfiguration automatic cache type (CacheCondition)

   SpringDataWebAutoConfiguration matched:
      - @ConditionalOnClass found required classes 'org.springframework.data.web.PageableHandlerMethodArgumentResolver', 'org.springframework.web.servlet.config.annotation.WebMvcConfigurer' (OnClassCondition)
      - found 'session' scope (OnWebApplicationCondition)
      - @ConditionalOnMissingBean (types: org.springframework.data.web.PageableHandlerMethodArgumentResolver; SearchStrategy: all) did not find any beans (OnBeanCondition)

   SpringDataWebAutoConfiguration#pageableCustomizer matched:
      - @ConditionalOnMissingBean (types: org.springframework.data.web.config.PageableHandlerMethodArgumentResolverCustomizer; SearchStrategy: all) did not find any beans (OnBeanCondition)

   SpringDataWebAutoConfiguration#sortCustomizer matched:
      - @ConditionalOnMissingBean (types: org.springframework.data.web.config.SortHandlerMethodArgumentResolverCustomizer; SearchStrategy: all) did not find any beans (OnBeanCondition)

   SqlInitializationAutoConfiguration matched:
      - @ConditionalOnProperty (spring.sql.init.enabled) matched (OnPropertyCondition)
      - NoneNestedConditions 0 matched 1 did not; NestedCondition on SqlInitializationAutoConfiguration.SqlInitializationModeCondition.ModeIsNever @ConditionalOnProperty (spring.sql.init.mode=never) did not find property 'mode' (SqlInitializationAutoConfiguration.SqlInitializationModeCondition)
      - @ConditionalOnMissingBean (types: org.springframework.boot.sql.init.AbstractScriptDatabaseInitializer; SearchStrategy: all) did not find any beans (OnBeanCondition)

   TaskExecutionAutoConfiguration matched:
      - @ConditionalOnClass found required class 'org.springframework.scheduling.concurrent.ThreadPoolTaskExecutor' (OnClassCondition)

   TaskExecutionAutoConfiguration#applicationTaskExecutor matched:
      - @ConditionalOnMissingBean (types: java.util.concurrent.Executor; SearchStrategy: all) did not find any beans (OnBeanCondition)

   TaskExecutionAutoConfiguration#taskExecutorBuilder matched:
      - @ConditionalOnMissingBean (types: org.springframework.boot.task.TaskExecutorBuilder; SearchStrategy: all) did not find any beans (OnBeanCondition)

   TaskSchedulingAutoConfiguration matched:
      - @ConditionalOnClass found required class 'org.springframework.scheduling.concurrent.ThreadPoolTaskScheduler' (OnClassCondition)

   TaskSchedulingAutoConfiguration#taskSchedulerBuilder matched:
      - @ConditionalOnMissingBean (types: org.springframework.boot.task.TaskSchedulerBuilder; SearchStrategy: all) did not find any beans (OnBeanCondition)

   TransactionAutoConfiguration matched:
      - @ConditionalOnClass found required class 'org.springframework.transaction.PlatformTransactionManager' (OnClassCondition)

   TransactionAutoConfiguration#platformTransactionManagerCustomizers matched:
      - @ConditionalOnMissingBean (types: org.springframework.boot.autoconfigure.transaction.TransactionManagerCustomizers; SearchStrategy: all) did not find any beans (OnBeanCondition)

   WebMvcAutoConfiguration matched:
      - @ConditionalOnClass found required classes 'javax.servlet.Servlet', 'org.springframework.web.servlet.DispatcherServlet', 'org.springframework.web.servlet.config.annotation.WebMvcConfigurer' (OnClassCondition)
      - found 'session' scope (OnWebApplicationCondition)
      - @ConditionalOnMissingBean (types: org.springframework.web.servlet.config.annotation.WebMvcConfigurationSupport; SearchStrategy: all) did not find any beans (OnBeanCondition)

   WebMvcAutoConfiguration#formContentFilter matched:
      - @ConditionalOnProperty (spring.mvc.formcontent.filter.enabled) matched (OnPropertyCondition)
      - @ConditionalOnMissingBean (types: org.springframework.web.filter.FormContentFilter; SearchStrategy: all) did not find any beans (OnBeanCondition)

   WebMvcAutoConfiguration.EnableWebMvcConfiguration#flashMapManager matched:
      - @ConditionalOnMissingBean (names: flashMapManager; SearchStrategy: all) did not find any beans (OnBeanCondition)

   WebMvcAutoConfiguration.EnableWebMvcConfiguration#localeResolver matched:
      - @ConditionalOnMissingBean (names: localeResolver; SearchStrategy: all) did not find any beans (OnBeanCondition)

   WebMvcAutoConfiguration.EnableWebMvcConfiguration#themeResolver matched:
      - @ConditionalOnMissingBean (names: themeResolver; SearchStrategy: all) did not find any beans (OnBeanCondition)

   WebMvcAutoConfiguration.WebMvcAutoConfigurationAdapter#defaultViewResolver matched:
      - @ConditionalOnMissingBean (types: org.springframework.web.servlet.view.InternalResourceViewResolver; SearchStrategy: all) did not find any beans (OnBeanCondition)

   WebMvcAutoConfiguration.WebMvcAutoConfigurationAdapter#requestContextFilter matched:
      - @ConditionalOnMissingBean (types: org.springframework.web.context.request.RequestContextListener,org.springframework.web.filter.RequestContextFilter; SearchStrategy: all) did not find any beans (OnBeanCondition)

   WebMvcAutoConfiguration.WebMvcAutoConfigurationAdapter#viewResolver matched:
      - @ConditionalOnBean (types: org.springframework.web.servlet.ViewResolver; SearchStrategy: all) found beans 'defaultViewResolver', 'beanNameViewResolver', 'mvcViewResolver'; @ConditionalOnMissingBean (names: viewResolver types: org.springframework.web.servlet.view.ContentNegotiatingViewResolver; SearchStrategy: all) did not find any beans (OnBeanCondition)

   WebSocketServletAutoConfiguration matched:
      - @ConditionalOnClass found required classes 'javax.servlet.Servlet', 'javax.websocket.server.ServerContainer' (OnClassCondition)
      - found 'session' scope (OnWebApplicationCondition)

   WebSocketServletAutoConfiguration.TomcatWebSocketConfiguration matched:
      - @ConditionalOnClass found required classes 'org.apache.catalina.startup.Tomcat', 'org.apache.tomcat.websocket.server.WsSci' (OnClassCondition)

   WebSocketServletAutoConfiguration.TomcatWebSocketConfiguration#websocketServletWebServerCustomizer matched:
      - @ConditionalOnMissingBean (names: websocketServletWebServerCustomizer; SearchStrategy: all) did not find any beans (OnBeanCondition)


Negative matches:
-----------------

   ActiveMQAutoConfiguration:
      Did not match:
         - @ConditionalOnClass did not find required class 'javax.jms.ConnectionFactory' (OnClassCondition)

   AopAutoConfiguration.AspectJAutoProxyingConfiguration.JdkDynamicAutoProxyConfiguration:
      Did not match:
         - @ConditionalOnProperty (spring.aop.proxy-target-class=false) did not find property 'proxy-target-class' (OnPropertyCondition)

   AopAutoConfiguration.ClassProxyingConfiguration:
      Did not match:
         - @ConditionalOnMissingClass found unwanted class 'org.aspectj.weaver.Advice' (OnClassCondition)

   ArtemisAutoConfiguration:
      Did not match:
         - @ConditionalOnClass did not find required class 'javax.jms.ConnectionFactory' (OnClassCondition)

   AtomikosJtaConfiguration:
      Did not match:
         - @ConditionalOnClass did not find required class 'com.atomikos.icatch.jta.UserTransactionManager' (OnClassCondition)

   BatchAutoConfiguration:
      Did not match:
         - @ConditionalOnClass did not find required class 'org.springframework.batch.core.launch.JobLauncher' (OnClassCondition)

   CacheAutoConfiguration:
      Did not match:
         - @ConditionalOnBean (types: org.springframework.cache.interceptor.CacheAspectSupport; SearchStrategy: all) did not find any beans of type org.springframework.cache.interceptor.CacheAspectSupport (OnBeanCondition)
      Matched:
         - @ConditionalOnClass found required class 'org.springframework.cache.CacheManager' (OnClassCondition)

   CacheAutoConfiguration.CacheManagerEntityManagerFactoryDependsOnPostProcessor:
      Did not match:
         - Ancestor org.springframework.boot.autoconfigure.cache.CacheAutoConfiguration did not match (ConditionEvaluationReport.AncestorsMatchedCondition)
      Matched:
         - @ConditionalOnClass found required class 'org.springframework.orm.jpa.LocalContainerEntityManagerFactoryBean' (OnClassCondition)

   CaffeineCacheConfiguration:
      Did not match:
         - @ConditionalOnClass did not find required class 'com.github.benmanes.caffeine.cache.Caffeine' (OnClassCondition)

   CassandraAutoConfiguration:
      Did not match:
         - @ConditionalOnClass did not find required class 'com.datastax.oss.driver.api.core.CqlSession' (OnClassCondition)

   CassandraDataAutoConfiguration:
      Did not match:
         - @ConditionalOnClass did not find required class 'com.datastax.oss.driver.api.core.CqlSession' (OnClassCondition)

   CassandraReactiveDataAutoConfiguration:
      Did not match:
         - @ConditionalOnClass did not find required class 'com.datastax.oss.driver.api.core.CqlSession' (OnClassCondition)

   CassandraReactiveRepositoriesAutoConfiguration:
      Did not match:
         - @ConditionalOnClass did not find required class 'org.springframework.data.cassandra.ReactiveSession' (OnClassCondition)

   CassandraRepositoriesAutoConfiguration:
      Did not match:
         - @ConditionalOnClass did not find required class 'com.datastax.oss.driver.api.core.CqlSession' (OnClassCondition)

   ClientHttpConnectorAutoConfiguration:
      Did not match:
         - @ConditionalOnClass did not find required class 'org.springframework.web.reactive.function.client.WebClient' (OnClassCondition)

   CodecsAutoConfiguration:
      Did not match:
         - @ConditionalOnClass did not find required class 'org.springframework.web.reactive.function.client.WebClient' (OnClassCondition)

   CouchbaseAutoConfiguration:
      Did not match:
         - @ConditionalOnClass did not find required class 'com.couchbase.client.java.Cluster' (OnClassCondition)

   CouchbaseCacheConfiguration:
      Did not match:
         - @ConditionalOnClass did not find required class 'com.couchbase.client.java.Cluster' (OnClassCondition)

   CouchbaseDataAutoConfiguration:
      Did not match:
         - @ConditionalOnClass did not find required class 'com.couchbase.client.java.Bucket' (OnClassCondition)

   CouchbaseReactiveDataAutoConfiguration:
      Did not match:
         - @ConditionalOnClass did not find required class 'com.couchbase.client.java.Cluster' (OnClassCondition)

   CouchbaseReactiveRepositoriesAutoConfiguration:
      Did not match:
         - @ConditionalOnClass did not find required class 'com.couchbase.client.java.Cluster' (OnClassCondition)

   CouchbaseRepositoriesAutoConfiguration:
      Did not match:
         - @ConditionalOnClass did not find required class 'com.couchbase.client.java.Bucket' (OnClassCondition)

   DataSourceInitializationConfiguration:
      Did not match:
         - @ConditionalOnSingleCandidate (types: javax.sql.DataSource; SearchStrategy: all) did not find any beans (OnBeanCondition)
      Matched:
         - @ConditionalOnClass found required class 'org.springframework.jdbc.datasource.init.DatabasePopulator' (OnClassCondition)

   DataSourceTransactionManagerAutoConfiguration.JdbcTransactionManagerConfiguration:
      Did not match:
         - @ConditionalOnSingleCandidate (types: javax.sql.DataSource; SearchStrategy: all) did not find any beans (OnBeanCondition)

   DispatcherServletAutoConfiguration.DispatcherServletConfiguration#multipartResolver:
      Did not match:
         - @ConditionalOnBean (types: org.springframework.web.multipart.MultipartResolver; SearchStrategy: all) did not find any beans of type org.springframework.web.multipart.MultipartResolver (OnBeanCondition)

   EhCacheCacheConfiguration:
      Did not match:
         - @ConditionalOnClass did not find required class 'net.sf.ehcache.Cache' (OnClassCondition)

   ElasticsearchDataAutoConfiguration:
      Did not match:
         - @ConditionalOnClass did not find required class 'org.springframework.data.elasticsearch.core.ElasticsearchRestTemplate' (OnClassCondition)

   ElasticsearchRepositoriesAutoConfiguration:
      Did not match:
         - @ConditionalOnClass did not find required class 'org.elasticsearch.client.Client' (OnClassCondition)

   ElasticsearchRestClientAutoConfiguration:
      Did not match:
         - @ConditionalOnClass did not find required class 'org.elasticsearch.client.RestHighLevelClient' (OnClassCondition)

   EmbeddedLdapAutoConfiguration:
      Did not match:
         - @ConditionalOnClass did not find required class 'com.unboundid.ldap.listener.InMemoryDirectoryServer' (OnClassCondition)

   EmbeddedMongoAutoConfiguration:
      Did not match:
         - @ConditionalOnClass did not find required class 'com.mongodb.MongoClientSettings' (OnClassCondition)

   EmbeddedWebServerFactoryCustomizerAutoConfiguration.JettyWebServerFactoryCustomizerConfiguration:
      Did not match:
         - @ConditionalOnClass did not find required classes 'org.eclipse.jetty.server.Server', 'org.eclipse.jetty.util.Loader', 'org.eclipse.jetty.webapp.WebAppContext' (OnClassCondition)

   EmbeddedWebServerFactoryCustomizerAutoConfiguration.NettyWebServerFactoryCustomizerConfiguration:
      Did not match:
         - @ConditionalOnClass did not find required class 'reactor.netty.http.server.HttpServer' (OnClassCondition)

   EmbeddedWebServerFactoryCustomizerAutoConfiguration.UndertowWebServerFactoryCustomizerConfiguration:
      Did not match:
         - @ConditionalOnClass did not find required classes 'io.undertow.Undertow', 'org.xnio.SslClientAuthMode' (OnClassCondition)

   ErrorWebFluxAutoConfiguration:
      Did not match:
         - @ConditionalOnClass did not find required class 'org.springframework.web.reactive.config.WebFluxConfigurer' (OnClassCondition)

   FlywayAutoConfiguration:
      Did not match:
         - @ConditionalOnClass did not find required class 'org.flywaydb.core.Flyway' (OnClassCondition)

   FreeMarkerAutoConfiguration:
      Did not match:
         - @ConditionalOnClass did not find required class 'freemarker.template.Configuration' (OnClassCondition)

   GroovyTemplateAutoConfiguration:
      Did not match:
         - @ConditionalOnClass did not find required class 'groovy.text.markup.MarkupTemplateEngine' (OnClassCondition)

   GsonHttpMessageConvertersConfiguration.GsonHttpMessageConverterConfiguration:
      Did not match:
[...]
2021-09-28 23:05:02.777[DEBUG] : Retrieved ApplicationContext [832242181] from cache with key [[WebMergedContextConfiguration@224fc20d testClass = CctvForChatingApplicationTests, locations = '{}', classes = '{class com.example.cctvforchating.CctvForChatingApplication}', contextInitializerClasses = '[]', activeProfiles = '{}', propertySourceLocations = '{}', propertySourceProperties = '{org.springframework.boot.test.context.SpringBootTestContextBootstrapper=true}', contextCustomizers = set[org.springframework.boot.test.autoconfigure.actuate.metrics.MetricsExportContextCustomizerFactory$DisableMetricExportContextCustomizer@72f30cfc, org.springframework.boot.test.autoconfigure.properties.PropertyMappingContextCustomizer@0, org.springframework.boot.test.autoconfigure.web.servlet.WebDriverContextCustomizerFactory$Customizer@156c5dba, org.springframework.boot.test.context.filter.ExcludeFilterContextCustomizer@12d89abc, org.springframework.boot.test.json.DuplicateJsonObjectContextCustomizerFactory$DuplicateJsonObjectContextCustomizer@185a2144, org.springframework.boot.test.mock.mockito.MockitoContextCustomizer@0, org.springframework.boot.test.web.client.TestRestTemplateContextCustomizer@525faea7, org.springframework.boot.test.context.SpringBootTestArgs@1, org.springframework.boot.test.context.SpringBootTestWebEnvironment@6fc921ec], resourceBasePath = 'src/main/webapp', contextLoader = 'org.springframework.boot.test.context.SpringBootContextLoader', parent = [null]]]
2021-09-28 23:05:02.778[DEBUG] : Spring test ApplicationContext cache statistics: [DefaultContextCache@299d24c6 size = 1, maxSize = 32, parentContextCount = 0, hitCount = 5, missCount = 1]
2021-09-28 23:05:02.783[DEBUG] : Retrieved ApplicationContext [832242181] from cache with key [[WebMergedContextConfiguration@224fc20d testClass = CctvForChatingApplicationTests, locations = '{}', classes = '{class com.example.cctvforchating.CctvForChatingApplication}', contextInitializerClasses = '[]', activeProfiles = '{}', propertySourceLocations = '{}', propertySourceProperties = '{org.springframework.boot.test.context.SpringBootTestContextBootstrapper=true}', contextCustomizers = set[org.springframework.boot.test.autoconfigure.actuate.metrics.MetricsExportContextCustomizerFactory$DisableMetricExportContextCustomizer@72f30cfc, org.springframework.boot.test.autoconfigure.properties.PropertyMappingContextCustomizer@0, org.springframework.boot.test.autoconfigure.web.servlet.WebDriverContextCustomizerFactory$Customizer@156c5dba, org.springframework.boot.test.context.filter.ExcludeFilterContextCustomizer@12d89abc, org.springframework.boot.test.json.DuplicateJsonObjectContextCustomizerFactory$DuplicateJsonObjectContextCustomizer@185a2144, org.springframework.boot.test.mock.mockito.MockitoContextCustomizer@0, org.springframework.boot.test.web.client.TestRestTemplateContextCustomizer@525faea7, org.springframework.boot.test.context.SpringBootTestArgs@1, org.springframework.boot.test.context.SpringBootTestWebEnvironment@6fc921ec], resourceBasePath = 'src/main/webapp', contextLoader = 'org.springframework.boot.test.context.SpringBootContextLoader', parent = [null]]]
2021-09-28 23:05:02.784[DEBUG] : Spring test ApplicationContext cache statistics: [DefaultContextCache@299d24c6 size = 1, maxSize = 32, parentContextCount = 0, hitCount = 6, missCount = 1]
2021-09-28 23:05:02.784[DEBUG] : Retrieved ApplicationContext [832242181] from cache with key [[WebMergedContextConfiguration@224fc20d testClass = CctvForChatingApplicationTests, locations = '{}', classes = '{class com.example.cctvforchating.CctvForChatingApplication}', contextInitializerClasses = '[]', activeProfiles = '{}', propertySourceLocations = '{}', propertySourceProperties = '{org.springframework.boot.test.context.SpringBootTestContextBootstrapper=true}', contextCustomizers = set[org.springframework.boot.test.autoconfigure.actuate.metrics.MetricsExportContextCustomizerFactory$DisableMetricExportContextCustomizer@72f30cfc, org.springframework.boot.test.autoconfigure.properties.PropertyMappingContextCustomizer@0, org.springframework.boot.test.autoconfigure.web.servlet.WebDriverContextCustomizerFactory$Customizer@156c5dba, org.springframework.boot.test.context.filter.ExcludeFilterContextCustomizer@12d89abc, org.springframework.boot.test.json.DuplicateJsonObjectContextCustomizerFactory$DuplicateJsonObjectContextCustomizer@185a2144, org.springframework.boot.test.mock.mockito.MockitoContextCustomizer@0, org.springframework.boot.test.web.client.TestRestTemplateContextCustomizer@525faea7, org.springframework.boot.test.context.SpringBootTestArgs@1, org.springframework.boot.test.context.SpringBootTestWebEnvironment@6fc921ec], resourceBasePath = 'src/main/webapp', contextLoader = 'org.springframework.boot.test.context.SpringBootContextLoader', parent = [null]]]
2021-09-28 23:05:02.784[DEBUG] : Spring test ApplicationContext cache statistics: [DefaultContextCache@299d24c6 size = 1, maxSize = 32, parentContextCount = 0, hitCount = 7, missCount = 1]
2021-09-28 23:05:02.785[DEBUG] : Retrieved ApplicationContext [832242181] from cache with key [[WebMergedContextConfiguration@224fc20d testClass = CctvForChatingApplicationTests, locations = '{}', classes = '{class com.example.cctvforchating.CctvForChatingApplication}', contextInitializerClasses = '[]', activeProfiles = '{}', propertySourceLocations = '{}', propertySourceProperties = '{org.springframework.boot.test.context.SpringBootTestContextBootstrapper=true}', contextCustomizers = set[org.springframework.boot.test.autoconfigure.actuate.metrics.MetricsExportContextCustomizerFactory$DisableMetricExportContextCustomizer@72f30cfc, org.springframework.boot.test.autoconfigure.properties.PropertyMappingContextCustomizer@0, org.springframework.boot.test.autoconfigure.web.servlet.WebDriverContextCustomizerFactory$Customizer@156c5dba, org.springframework.boot.test.context.filter.ExcludeFilterContextCustomizer@12d89abc, org.springframework.boot.test.json.DuplicateJsonObjectContextCustomizerFactory$DuplicateJsonObjectContextCustomizer@185a2144, org.springframework.boot.test.mock.mockito.MockitoContextCustomizer@0, org.springframework.boot.test.web.client.TestRestTemplateContextCustomizer@525faea7, org.springframework.boot.test.context.SpringBootTestArgs@1, org.springframework.boot.test.context.SpringBootTestWebEnvironment@6fc921ec], resourceBasePath = 'src/main/webapp', contextLoader = 'org.springframework.boot.test.context.SpringBootContextLoader', parent = [null]]]
2021-09-28 23:05:02.786[DEBUG] : Spring test ApplicationContext cache statistics: [DefaultContextCache@299d24c6 size = 1, maxSize = 32, parentContextCount = 0, hitCount = 8, missCount = 1]
2021-09-28 23:05:02.786[DEBUG] : Retrieved ApplicationContext [832242181] from cache with key [[WebMergedContextConfiguration@224fc20d testClass = CctvForChatingApplicationTests, locations = '{}', classes = '{class com.example.cctvforchating.CctvForChatingApplication}', contextInitializerClasses = '[]', activeProfiles = '{}', propertySourceLocations = '{}', propertySourceProperties = '{org.springframework.boot.test.context.SpringBootTestContextBootstrapper=true}', contextCustomizers = set[org.springframework.boot.test.autoconfigure.actuate.metrics.MetricsExportContextCustomizerFactory$DisableMetricExportContextCustomizer@72f30cfc, org.springframework.boot.test.autoconfigure.properties.PropertyMappingContextCustomizer@0, org.springframework.boot.test.autoconfigure.web.servlet.WebDriverContextCustomizerFactory$Customizer@156c5dba, org.springframework.boot.test.context.filter.ExcludeFilterContextCustomizer@12d89abc, org.springframework.boot.test.json.DuplicateJsonObjectContextCustomizerFactory$DuplicateJsonObjectContextCustomizer@185a2144, org.springframework.boot.test.mock.mockito.MockitoContextCustomizer@0, org.springframework.boot.test.web.client.TestRestTemplateContextCustomizer@525faea7, org.springframework.boot.test.context.SpringBootTestArgs@1, org.springframework.boot.test.context.SpringBootTestWebEnvironment@6fc921ec], resourceBasePath = 'src/main/webapp', contextLoader = 'org.springframework.boot.test.context.SpringBootContextLoader', parent = [null]]]
2021-09-28 23:05:02.786[DEBUG] : Spring test ApplicationContext cache statistics: [DefaultContextCache@299d24c6 size = 1, maxSize = 32, parentContextCount = 0, hitCount = 9, missCount = 1]
2021-09-28 23:05:02.787[DEBUG] : Retrieved ApplicationContext [832242181] from cache with key [[WebMergedContextConfiguration@224fc20d testClass = CctvForChatingApplicationTests, locations = '{}', classes = '{class com.example.cctvforchating.CctvForChatingApplication}', contextInitializerClasses = '[]', activeProfiles = '{}', propertySourceLocations = '{}', propertySourceProperties = '{org.springframework.boot.test.context.SpringBootTestContextBootstrapper=true}', contextCustomizers = set[org.springframework.boot.test.autoconfigure.actuate.metrics.MetricsExportContextCustomizerFactory$DisableMetricExportContextCustomizer@72f30cfc, org.springframework.boot.test.autoconfigure.properties.PropertyMappingContextCustomizer@0, org.springframework.boot.test.autoconfigure.web.servlet.WebDriverContextCustomizerFactory$Customizer@156c5dba, org.springframework.boot.test.context.filter.ExcludeFilterContextCustomizer@12d89abc, org.springframework.boot.test.json.DuplicateJsonObjectContextCustomizerFactory$DuplicateJsonObjectContextCustomizer@185a2144, org.springframework.boot.test.mock.mockito.MockitoContextCustomizer@0, org.springframework.boot.test.web.client.TestRestTemplateContextCustomizer@525faea7, org.springframework.boot.test.context.SpringBootTestArgs@1, org.springframework.boot.test.context.SpringBootTestWebEnvironment@6fc921ec], resourceBasePath = 'src/main/webapp', contextLoader = 'org.springframework.boot.test.context.SpringBootContextLoader', parent = [null]]]
2021-09-28 23:05:02.787[DEBUG] : Spring test ApplicationContext cache statistics: [DefaultContextCache@299d24c6 size = 1, maxSize = 32, parentContextCount = 0, hitCount = 10, missCount = 1]
2021-09-28 23:05:02.789[DEBUG] : Retrieved ApplicationContext [832242181] from cache with key [[WebMergedContextConfiguration@224fc20d testClass = CctvForChatingApplicationTests, locations = '{}', classes = '{class com.example.cctvforchating.CctvForChatingApplication}', contextInitializerClasses = '[]', activeProfiles = '{}', propertySourceLocations = '{}', propertySourceProperties = '{org.springframework.boot.test.context.SpringBootTestContextBootstrapper=true}', contextCustomizers = set[org.springframework.boot.test.autoconfigure.actuate.metrics.MetricsExportContextCustomizerFactory$DisableMetricExportContextCustomizer@72f30cfc, org.springframework.boot.test.autoconfigure.properties.PropertyMappingContextCustomizer@0, org.springframework.boot.test.autoconfigure.web.servlet.WebDriverContextCustomizerFactory$Customizer@156c5dba, org.springframework.boot.test.context.filter.ExcludeFilterContextCustomizer@12d89abc, org.springframework.boot.test.json.DuplicateJsonObjectContextCustomizerFactory$DuplicateJsonObjectContextCustomizer@185a2144, org.springframework.boot.test.mock.mockito.MockitoContextCustomizer@0, org.springframework.boot.test.web.client.TestRestTemplateContextCustomizer@525faea7, org.springframework.boot.test.context.SpringBootTestArgs@1, org.springframework.boot.test.context.SpringBootTestWebEnvironment@6fc921ec], resourceBasePath = 'src/main/webapp', contextLoader = 'org.springframework.boot.test.context.SpringBootContextLoader', parent = [null]]]
2021-09-28 23:05:02.789[DEBUG] : Spring test ApplicationContext cache statistics: [DefaultContextCache@299d24c6 size = 1, maxSize = 32, parentContextCount = 0, hitCount = 11, missCount = 1]
2021-09-28 23:05:02.789[DEBUG] : After test method: context [DefaultTestContext@117798bb testClass = CctvForChatingApplicationTests, testInstance = com.example.cctvforchating.CctvForChatingApplicationTests@362f66dc, testMethod = contextLoads@CctvForChatingApplicationTests, testException = [null], mergedContextConfiguration = [WebMergedContextConfiguration@224fc20d testClass = CctvForChatingApplicationTests, locations = '{}', classes = '{class com.example.cctvforchating.CctvForChatingApplication}', contextInitializerClasses = '[]', activeProfiles = '{}', propertySourceLocations = '{}', propertySourceProperties = '{org.springframework.boot.test.context.SpringBootTestContextBootstrapper=true}', contextCustomizers = set[org.springframework.boot.test.autoconfigure.actuate.metrics.MetricsExportContextCustomizerFactory$DisableMetricExportContextCustomizer@72f30cfc, org.springframework.boot.test.autoconfigure.properties.PropertyMappingContextCustomizer@0, org.springframework.boot.test.autoconfigure.web.servlet.WebDriverContextCustomizerFactory$Customizer@156c5dba, org.springframework.boot.test.context.filter.ExcludeFilterContextCustomizer@12d89abc, org.springframework.boot.test.json.DuplicateJsonObjectContextCustomizerFactory$DuplicateJsonObjectContextCustomizer@185a2144, org.springframework.boot.test.mock.mockito.MockitoContextCustomizer@0, org.springframework.boot.test.web.client.TestRestTemplateContextCustomizer@525faea7, org.springframework.boot.test.context.SpringBootTestArgs@1, org.springframework.boot.test.context.SpringBootTestWebEnvironment@6fc921ec], resourceBasePath = 'src/main/webapp', contextLoader = 'org.springframework.boot.test.context.SpringBootContextLoader', parent = [null]], attributes = map['org.springframework.test.context.web.ServletTestExecutionListener.activateListener' -> true, 'org.springframework.test.context.web.ServletTestExecutionListener.populatedRequestContextHolder' -> true, 'org.springframework.test.context.web.ServletTestExecutionListener.resetRequestContextHolder' -> true, 'org.springframework.test.context.event.ApplicationEventsTestExecutionListener.recordApplicationEvents' -> false]], class annotated with @DirtiesContext [false] with mode [null], method annotated with @DirtiesContext [false] with mode [null].
2021-09-28 23:05:02.789[DEBUG] : Resetting RequestContextHolder for test context [DefaultTestContext@117798bb testClass = CctvForChatingApplicationTests, testInstance = com.example.cctvforchating.CctvForChatingApplicationTests@362f66dc, testMethod = contextLoads@CctvForChatingApplicationTests, testException = [null], mergedContextConfiguration = [WebMergedContextConfiguration@224fc20d testClass = CctvForChatingApplicationTests, locations = '{}', classes = '{class com.example.cctvforchating.CctvForChatingApplication}', contextInitializerClasses = '[]', activeProfiles = '{}', propertySourceLocations = '{}', propertySourceProperties = '{org.springframework.boot.test.context.SpringBootTestContextBootstrapper=true}', contextCustomizers = set[org.springframework.boot.test.autoconfigure.actuate.metrics.MetricsExportContextCustomizerFactory$DisableMetricExportContextCustomizer@72f30cfc, org.springframework.boot.test.autoconfigure.properties.PropertyMappingContextCustomizer@0, org.springframework.boot.test.autoconfigure.web.servlet.WebDriverContextCustomizerFactory$Customizer@156c5dba, org.springframework.boot.test.context.filter.ExcludeFilterContextCustomizer@12d89abc, org.springframework.boot.test.json.DuplicateJsonObjectContextCustomizerFactory$DuplicateJsonObjectContextCustomizer@185a2144, org.springframework.boot.test.mock.mockito.MockitoContextCustomizer@0, org.springframework.boot.test.web.client.TestRestTemplateContextCustomizer@525faea7, org.springframework.boot.test.context.SpringBootTestArgs@1, org.springframework.boot.test.context.SpringBootTestWebEnvironment@6fc921ec], resourceBasePath = 'src/main/webapp', contextLoader = 'org.springframework.boot.test.context.SpringBootContextLoader', parent = [null]], attributes = map['org.springframework.test.context.web.ServletTestExecutionListener.activateListener' -> true, 'org.springframework.test.context.web.ServletTestExecutionListener.populatedRequestContextHolder' -> true, 'org.springframework.test.context.web.ServletTestExecutionListener.resetRequestContextHolder' -> true, 'org.springframework.test.context.event.ApplicationEventsTestExecutionListener.recordApplicationEvents' -> false]].
2021-09-28 23:05:02.796[DEBUG] : Retrieved ApplicationContext [832242181] from cache with key [[WebMergedContextConfiguration@224fc20d testClass = CctvForChatingApplicationTests, locations = '{}', classes = '{class com.example.cctvforchating.CctvForChatingApplication}', contextInitializerClasses = '[]', activeProfiles = '{}', propertySourceLocations = '{}', propertySourceProperties = '{org.springframework.boot.test.context.SpringBootTestContextBootstrapper=true}', contextCustomizers = set[org.springframework.boot.test.autoconfigure.actuate.metrics.MetricsExportContextCustomizerFactory$DisableMetricExportContextCustomizer@72f30cfc, org.springframework.boot.test.autoconfigure.properties.PropertyMappingContextCustomizer@0, org.springframework.boot.test.autoconfigure.web.servlet.WebDriverContextCustomizerFactory$Customizer@156c5dba, org.springframework.boot.test.context.filter.ExcludeFilterContextCustomizer@12d89abc, org.springframework.boot.test.json.DuplicateJsonObjectContextCustomizerFactory$DuplicateJsonObjectContextCustomizer@185a2144, org.springframework.boot.test.mock.mockito.MockitoContextCustomizer@0, org.springframework.boot.test.web.client.TestRestTemplateContextCustomizer@525faea7, org.springframework.boot.test.context.SpringBootTestArgs@1, org.springframework.boot.test.context.SpringBootTestWebEnvironment@6fc921ec], resourceBasePath = 'src/main/webapp', contextLoader = 'org.springframework.boot.test.context.SpringBootContextLoader', parent = [null]]]
2021-09-28 23:05:02.796[DEBUG] : Spring test ApplicationContext cache statistics: [DefaultContextCache@299d24c6 size = 1, maxSize = 32, parentContextCount = 0, hitCount = 12, missCount = 1]
2021-09-28 23:05:02.796[DEBUG] : After test class: context [DefaultTestContext@117798bb testClass = CctvForChatingApplicationTests, testInstance = [null], testMethod = [null], testException = [null], mergedContextConfiguration = [WebMergedContextConfiguration@224fc20d testClass = CctvForChatingApplicationTests, locations = '{}', classes = '{class com.example.cctvforchating.CctvForChatingApplication}', contextInitializerClasses = '[]', activeProfiles = '{}', propertySourceLocations = '{}', propertySourceProperties = '{org.springframework.boot.test.context.SpringBootTestContextBootstrapper=true}', contextCustomizers = set[org.springframework.boot.test.autoconfigure.actuate.metrics.MetricsExportContextCustomizerFactory$DisableMetricExportContextCustomizer@72f30cfc, org.springframework.boot.test.autoconfigure.properties.PropertyMappingContextCustomizer@0, org.springframework.boot.test.autoconfigure.web.servlet.WebDriverContextCustomizerFactory$Customizer@156c5dba, org.springframework.boot.test.context.filter.ExcludeFilterContextCustomizer@12d89abc, org.springframework.boot.test.json.DuplicateJsonObjectContextCustomizerFactory$DuplicateJsonObjectContextCustomizer@185a2144, org.springframework.boot.test.mock.mockito.MockitoContextCustomizer@0, org.springframework.boot.test.web.client.TestRestTemplateContextCustomizer@525faea7, org.springframework.boot.test.context.SpringBootTestArgs@1, org.springframework.boot.test.context.SpringBootTestWebEnvironment@6fc921ec], resourceBasePath = 'src/main/webapp', contextLoader = 'org.springframework.boot.test.context.SpringBootContextLoader', parent = [null]], attributes = map['org.springframework.test.context.web.ServletTestExecutionListener.activateListener' -> true, 'org.springframework.test.context.event.ApplicationEventsTestExecutionListener.recordApplicationEvents' -> false, 'org.springframework.test.context.support.DependencyInjectionTestExecutionListener.reinjectDependencies' -> true]], class annotated with @DirtiesContext [false] with mode [null].
]]></system-out>
  <system-err><![CDATA[]]></system-err>
</testsuite>
